C51 COMPILER V9.54   MAIN                                                                  05/18/2023 10:40:43 PAGE 1   


C51 COMPILER V9.54, COMPILATION OF MODULE MAIN
OBJECT MODULE PLACED IN .\Objects\main.obj
COMPILER INVOKED BY: D:\Keil5 C51\C51\BIN\C51.EXE main.c OPTIMIZE(8,SPEED) BROWSE DEBUG OBJECTEXTEND PRINT(.\Listings\ma
                    -in.lst) TABS(2) OBJECT(.\Objects\main.obj)

line level    source

   1          #include <reg52.h>
   2          #include <seg.h>
   3          #include <delay.h>
   4          
   5          #define KEY_DELAY_TIME 100
   6          
   7          sbit S1 = P1^0;
   8          sbit S2 = P1^1;
   9          
  10          char key_value = 0;
  11          
  12          
  13          unsigned char Date_buff[3] = {0, 0,0};//数码管显示缓冲区，初值0xFF确保启动时都不亮
  14          //显示的数字，数值为10的时候，显示“-”
  15          
  16          char key1_flag = 1;
  17          char key1_cnt;
  18          char key2_flag = 1;
  19          char key2_cnt;
  20          void key_scan()
  21          {
  22   1          if(S1)
  23   1          {
  24   2            key1_flag = 0;
  25   2            key1_cnt = 0;
  26   2          }
  27   1          else if(!key1_flag)
  28   1          {
  29   2            key1_cnt++;
  30   2            if(key1_cnt > KEY_DELAY_TIME)
  31   2            {
  32   3              key1_cnt = 0;
  33   3              if(!S2)
  34   3              {
  35   4                key1_flag = 1;
  36   4                key_value = 0;
  37   4                key_value -= 1;
  38   4              }
  39   3              key1_flag = 1;
  40   3              key_value+=1;
  41   3            }
  42   2          }
  43   1            
  44   1          if(S2)
  45   1          {
  46   2            key2_flag = 0;
  47   2            key2_cnt = 0;
  48   2          }
  49   1          else if(!key2_flag)
  50   1          {
  51   2            key2_cnt++;
  52   2            if(key2_cnt > KEY_DELAY_TIME)
  53   2            {
  54   3              key2_cnt = 0;
C51 COMPILER V9.54   MAIN                                                                  05/18/2023 10:40:43 PAGE 2   

  55   3              key2_flag = 1;
  56   3              key_value-=1;
  57   3            } 
  58   2          }
  59   1          
  60   1          
  61   1      }
  62          
  63          
  64          //数码管“以左为尊”――――最左边是最高位
  65          void  Display_smg(unsigned char i) 
  66          {
  67   1        write_data(1,i%10);   // 显示时最高位
  68   1        write_data(2,i/10%10);
  69   1        write_data(3,i/100%10);
  70   1        write_data(4,i/1000%10);
  71   1      
  72   1      }
  73          
  74          void main(void)
  75          {
  76   1        
  77   1        
  78   1        unsigned char i;
  79   1        init_max7221();    // 初始化
  80   1        delayms(2);
  81   1        for(i = 0; i < 8; i++)
  82   1        {
  83   2          write_data(i+1,10);   // 显示-位
  84   2        }
  85   1        delayms(1000);
  86   1        while(1) 
  87   1        {
  88   2      //    if(S1 == 1)
  89   2      //    {
  90   2      //      flag_key = 1;
  91   2      //    }
  92   2      //    if(flag_key == 1&& S1==0)
  93   2      //    {
  94   2      //      n+=1;
  95   2      //      flag_key = 0;
  96   2      //    }
  97   2          key_scan(); 
  98   2          Display_smg(key_value);
  99   2        }
 100   1      }
 101          
 102          


MODULE INFORMATION:   STATIC OVERLAYABLE
   CODE SIZE        =    196    ----
   CONSTANT SIZE    =   ----    ----
   XDATA SIZE       =   ----    ----
   PDATA SIZE       =   ----    ----
   DATA SIZE        =      8       2
   IDATA SIZE       =   ----    ----
   BIT SIZE         =   ----    ----
END OF MODULE INFORMATION.


C51 COMPILATION COMPLETE.  0 WARNING(S),  0 ERROR(S)
