C51 COMPILER V9.54   MAIN                                                                  05/31/2023 22:08:09 PAGE 1   


C51 COMPILER V9.54, COMPILATION OF MODULE MAIN
OBJECT MODULE PLACED IN main.OBJ
COMPILER INVOKED BY: D:\Keil5 C51\C51\BIN\C51.EXE main.c OPTIMIZE(8,SPEED) BROWSE DEBUG OBJECTEXTEND

line level    source

   1          #include "reg52.h"
   2          
   3          char a[8] = {0xfe,0xfd,0xfb,0xf7,0xef,0xdf,0xbf,0x7f};
   4          
   5          
   6          void delay_ms(int ms)
   7          {
   8   1          int i = 0;
   9   1          int j = 0;
  10   1          for(i=0;i<ms;i++)
  11   1          {
  12   2              for(j=0;j<100;j++){}
  13   2          }
  14   1      }
  15          
  16          
  17          void run()
  18          {
  19   1              int i;
  20   1              for(i=0;i<8;i++)
  21   1              {
  22   2                      P2 = a[i];
  23   2                      delay_ms(200);
  24   2              }
  25   1      }
  26          
  27          
  28          
  29          void main()
  30          {
  31   1      
  32   1              while(1)
  33   1              {
  34   2                      run();
  35   2              }
  36   1      }


MODULE INFORMATION:   STATIC OVERLAYABLE
   CODE SIZE        =     72    ----
   CONSTANT SIZE    =   ----    ----
   XDATA SIZE       =   ----    ----
   PDATA SIZE       =   ----    ----
   DATA SIZE        =      8    ----
   IDATA SIZE       =   ----    ----
   BIT SIZE         =   ----    ----
END OF MODULE INFORMATION.


C51 COMPILATION COMPLETE.  0 WARNING(S),  0 ERROR(S)
