C51 COMPILER V9.54   MAIN                                                                  05/17/2023 10:26:29 PAGE 1   


C51 COMPILER V9.54, COMPILATION OF MODULE MAIN
OBJECT MODULE PLACED IN .\Objects\main.obj
COMPILER INVOKED BY: D:\Keil5 C51\C51\BIN\C51.EXE main.c OPTIMIZE(8,SPEED) BROWSE DEBUG OBJECTEXTEND PRINT(.\Listings\ma
                    -in.lst) TABS(2) OBJECT(.\Objects\main.obj)

line level    source

   1          #include <reg52.h>
   2          #include <seg.h>
   3          #include <delay.h>
   4          
   5          //#define KEY_DELAY_TIME 100
   6          #define KEY_SHORT_TIME 100
   7          #define KEY_LONG_TIME 1000
   8          
   9          sbit S1 = P1^0;
  10          
  11          unsigned int key_val = 0;
  12          
  13          
  14          unsigned char Date_buff[3] = {0, 0,0};//数码管显示缓冲区，初值0xFF确保启动时都不亮
  15          //显示的数字，数值为10的时候，显示“-”
  16          
  17          
  18          char Flag = 0; 
  19          char short_flag = 0;
  20          int key_cnt = 0;
  21          void Key_scan()
  22          {
  23   1      
  24   1        if(S1 == 1)
  25   1        {
  26   2          Flag = 1;
  27   2          key_cnt = 0;
  28   2          if(short_flag)
  29   2          {
  30   3            short_flag = 0;
  31   3            key_val += 1;
  32   3            if(key_val > 9)
  33   3            {
  34   4              key_val = 0;
  35   4            }
  36   3          }
  37   2        }
  38   1        if(Flag == 1 && S1 == 0)
  39   1        {
  40   2          key_cnt++;
  41   2          if(key_cnt > KEY_SHORT_TIME)
  42   2          {
  43   3            short_flag = 1;
  44   3          }
  45   2          if(key_cnt > KEY_LONG_TIME)
  46   2          {
  47   3            short_flag = 0;
  48   3            key_cnt = 0;
  49   3            Flag = 0;
  50   3            key_val = 0;
  51   3          } 
  52   2        }
  53   1      }
  54          //数码管“以左为尊”――――最左边是最高位
C51 COMPILER V9.54   MAIN                                                                  05/17/2023 10:26:29 PAGE 2   

  55          void  Display_smg(unsigned char i) 
  56          {
  57   1        write_data(8,i);   // 显示时最高位   
  58   1          // 显示时最低位
  59   1      }
  60          
  61          void main(void)
  62          {
  63   1        
  64   1        
  65   1        unsigned char i;
  66   1        init_max7221();    // 初始化
  67   1        delayms(2);
  68   1        for(i = 0; i < 8; i++)
  69   1        {
  70   2          write_data(i+1,10);   // 显示-位
  71   2        }
  72   1        delayms(1000);
  73   1        while(1) 
  74   1        {
  75   2      //    if(S1 == 1)
  76   2      //    {
  77   2      //      flag_key = 1;
  78   2      //    }
  79   2      //    if(flag_key == 1&& S1==0)
  80   2      //    {
  81   2      //      n+=1;
  82   2      //      flag_key = 0;
  83   2      //    }
  84   2          key_scan(); 
*** WARNING C206 IN LINE 84 OF main.c: 'key_scan': missing function-prototype
  85   2          Display_smg(key_val);
  86   2        }
  87   1      }
  88          
  89          


MODULE INFORMATION:   STATIC OVERLAYABLE
   CODE SIZE        =    152    ----
   CONSTANT SIZE    =   ----    ----
   XDATA SIZE       =   ----    ----
   PDATA SIZE       =   ----    ----
   DATA SIZE        =      9       1
   IDATA SIZE       =   ----    ----
   BIT SIZE         =   ----    ----
END OF MODULE INFORMATION.


C51 COMPILATION COMPLETE.  1 WARNING(S),  0 ERROR(S)
