C51 COMPILER V9.54   MAIN                                                                  05/13/2023 14:31:09 PAGE 1   


C51 COMPILER V9.54, COMPILATION OF MODULE MAIN
OBJECT MODULE PLACED IN main.OBJ
COMPILER INVOKED BY: D:\Keil5 C51\C51\BIN\C51.EXE main.c OPTIMIZE(8,SPEED) BROWSE DEBUG OBJECTEXTEND TABS(2)

line level    source

   1          #include "reg52.h"
   2          
   3          
   4          sbit S1 = P3^2;
   5          
   6          sbit L1 = P2^0;
   7          sbit L2 = P2^1;
   8          sbit L3 = P2^2;
   9          sbit L4 = P2^3;
  10          sbit L5 = P2^4;
  11          sbit L6 = P2^5;
  12          sbit L7 = P2^6;
  13          sbit L8 = P2^7;
  14          
  15          sbit P1_0 = P1^0;
  16          sbit P1_1 = P1^1;
  17          sbit P1_2 = P1^2;
  18          sbit P1_3 = P1^3;
  19          
  20          #define KEY_SHORT_TIME 100
  21          #define KEY_LONG_TIME 500
  22          
  23          unsigned int key_val = 0;
  24          char a[8] = {0xfe,0xfd,0xfb,0xf7,0xef,0xdf,0xbf,0x7f};
  25          char seg[10] = {0xC0,0xF9,0xA4,0xB0,0x99,0x92,0x82,0xF8,0x80,0x90};
  26          
  27          char Flag = 0; 
  28          char short_flag = 0;
  29          int key_cnt = 0;
  30          void Key_scan()
  31          {
  32   1      
  33   1        if(S1 == 0)
  34   1        {
  35   2          Flag = 1;
  36   2          key_cnt = 0;
  37   2          if(short_flag)
  38   2          {
  39   3            short_flag = 0;
  40   3            key_val += 1;
  41   3          }
  42   2        }
  43   1        if(Flag == 1 && S1 == 1)
  44   1        {
  45   2          key_cnt++;//累计按键消抖次数
  46   2          if(key_cnt > KEY_SHORT_TIME)
  47   2          {
  48   3            short_flag = 1;
  49   3      //      key_cnt = 0;
  50   3      //      Flag = 0;
  51   3      //      key_val += 1;
  52   3          }
  53   2          if(key_cnt > KEY_LONG_TIME)
  54   2          {
  55   3            short_flag = 0;
C51 COMPILER V9.54   MAIN                                                                  05/13/2023 14:31:09 PAGE 2   

  56   3            key_cnt = 0;
  57   3            Flag = 0;
  58   3            key_val = 0;
  59   3          }
  60   2            
  61   2        }
  62   1      }
  63          
  64          void delay_ms(int ms)
  65          {
  66   1          int i = 0;
  67   1          int j = 0;
  68   1          for(i=0;i<ms;i++)
  69   1          {
  70   2              for(j=0;j<100;j++){}
  71   2          }
  72   1      }
  73          
  74          
  75          
  76          
  77          void SMG_pos(unsigned char i)
  78          {
  79   1        switch(i)
  80   1        {
  81   2          case 1:
  82   2            P1_0 = 1;
  83   2            P1_1 = 0;
  84   2            P1_2 = 0;
  85   2            P1_3 = 0;
  86   2          break;
  87   2          
  88   2          case 2:
  89   2            P1_0 = 0;
  90   2            P1_1 = 1;
  91   2            P1_2 = 0;
  92   2            P1_3 = 0;
  93   2          break;
  94   2          
  95   2          case 3:
  96   2            P1_0 = 0;
  97   2            P1_1 = 0;
  98   2            P1_2 = 1;
  99   2            P1_3 = 0;
 100   2          break;
 101   2          
 102   2          case 4:
 103   2            P1_0 = 0;
 104   2            P1_1 = 0;
 105   2            P1_2 = 0;
 106   2            P1_3 = 1;
 107   2          break;
 108   2          
 109   2          case 5:
 110   2            P1_0 = 0;
 111   2            P1_1 = 0;
 112   2            P1_2 = 0;
 113   2            P1_3 = 0;
 114   2          break;
 115   2        }
 116   1      }
 117          
C51 COMPILER V9.54   MAIN                                                                  05/13/2023 14:31:09 PAGE 3   

 118          void SMG_bit(unsigned char pos,value)
 119          {
 120   1        SMG_pos(pos);
 121   1        P0 = seg[value];
 122   1      }
 123          
 124          
 125          
 126          void SMG_Dynamic()
 127          {
 128   1        SMG_bit(1,key_val/1000);
 129   1        delay_ms(10);
 130   1        SMG_bit(2,key_val/100%10);
 131   1        delay_ms(10);
 132   1        SMG_bit(3,key_val/10%10);
 133   1        delay_ms(10);
 134   1        SMG_bit(4,key_val%10);
 135   1        delay_ms(10);
 136   1        SMG_bit(5,0x00);
 137   1        delay_ms(10);
 138   1      }
 139          
 140          
 141          void Timer0Init(void)   //2毫秒@12.000MHz
 142          {
 143   1        TMOD &= 0xF0;   //???????
 144   1        TMOD |= 0x01;   //???????
 145   1        TL0 = 0x30;   //??????
 146   1        TH0 = 0xF8;   //??????
 147   1        TF0 = 0;    //??TF0??
 148   1        ET0 = 1;
 149   1        EA = 1;
 150   1        TR0 = 1;    //???0????
 151   1      }
 152          
 153          
 154          
 155          void timer0()interrupt 1 //每隔2毫秒进入中断一次
 156          {
 157   1        TR0 = 0;
 158   1      //  SMG_Dynamic();
 159   1        Key_scan();
 160   1        TL0 = 0x18;   //??????
 161   1        TH0 = 0xFC;   //??????
 162   1        TR0 = 1;
 163   1      }
 164          
 165          
 166          
 167          
 168          
 169          
 170          
 171          void main()
 172          {
 173   1        Timer0Init();
 174   1        while(1)
 175   1        {
 176   2          P2 = a[key_val%8];
 177   2      //    Key_scan();
 178   2          SMG_Dynamic();
 179   2        }
C51 COMPILER V9.54   MAIN                                                                  05/13/2023 14:31:09 PAGE 4   

 180   1      }


MODULE INFORMATION:   STATIC OVERLAYABLE
   CODE SIZE        =    350    ----
   CONSTANT SIZE    =   ----    ----
   XDATA SIZE       =   ----    ----
   PDATA SIZE       =   ----    ----
   DATA SIZE        =     24    ----
   IDATA SIZE       =   ----    ----
   BIT SIZE         =   ----    ----
END OF MODULE INFORMATION.


C51 COMPILATION COMPLETE.  0 WARNING(S),  0 ERROR(S)
