C51 COMPILER V9.54   __________________                                                    05/05/2023 21:05:34 PAGE 1   


C51 COMPILER V9.54, COMPILATION OF MODULE __________________
OBJECT MODULE PLACED IN 矩阵键盘的基本操作.OBJ
COMPILER INVOKED BY: D:\Keil5 C51\C51\BIN\C51.EXE 矩阵键盘的基本操作.c OPTIMIZE(8,SPEED) BROWSE DEBUG OBJECTEXTEND TABS(
                    -2)

line level    source

   1          #include "reg52.h"
   2          
   3          
   4          
   5          sbit C1 = P2^0;
   6          sbit C2 = P2^1;
   7          sbit C3 = P2^2;
   8          sbit C4 = P2^3;
   9          
  10          sbit R1 = P2^4;
  11          sbit R2 = P2^5;
  12          sbit R3 = P2^6;
  13          sbit R4 = P2^7;
  14          
  15          unsigned int i = 0;
  16          char a[8] = {0xfe,0xfd,0xfb,0xf7,0xef,0xdf,0xbf,0x7f};
  17          
  18          char Flag = 0;  
  19          void ScanKeysMulti()
  20          {
  21   1        C1 = 0;
  22   1        C2 = C3 = C4 = 1;
  23   1        R1 = R2 = R3 = R4 =1;
  24   1        if(R1 == 0)
  25   1        {
  26   2          Flag = 1;
  27   2        }
  28   1        if(Flag == 1 && R1 == 1)
  29   1        {
  30   2          Flag = 0;
  31   2          i += 1;
  32   2          if(i == 8)
  33   2            i = 0;
  34   2        }
  35   1      }
  36          
  37          void main()
  38          {
  39   1        while(1)
  40   1        {
  41   2          P0 = a[i];
  42   2          ScanKeysMulti();
  43   2        }
  44   1      }


MODULE INFORMATION:   STATIC OVERLAYABLE
   CODE SIZE        =     65    ----
   CONSTANT SIZE    =   ----    ----
   XDATA SIZE       =   ----    ----
   PDATA SIZE       =   ----    ----
   DATA SIZE        =     11    ----
   IDATA SIZE       =   ----    ----
   BIT SIZE         =   ----    ----
C51 COMPILER V9.54   __________________                                                    05/05/2023 21:05:34 PAGE 2   

END OF MODULE INFORMATION.


C51 COMPILATION COMPLETE.  0 WARNING(S),  0 ERROR(S)
