C51 COMPILER V9.54   MAIN                                                                  05/27/2023 20:14:32 PAGE 1   


C51 COMPILER V9.54, COMPILATION OF MODULE MAIN
OBJECT MODULE PLACED IN main.OBJ
COMPILER INVOKED BY: D:\Keil5 C51\C51\BIN\C51.EXE main.c OPTIMIZE(8,SPEED) BROWSE DEBUG OBJECTEXTEND

line level    source

   1          #include "reg52.h"
   2          
   3          
   4          sbit S1 = P2^0;
   5          sbit S2 = P2^1;
   6          sbit S3 = P2^2;
   7          sbit S4 = P2^3;
   8          
   9          
  10          
  11          sbit P1_0 = P1^0;
  12          sbit P1_1 = P1^1;
  13          sbit P1_2 = P1^2;
  14          sbit P1_3 = P1^3;
  15          
  16          unsigned int status = 0;
  17          unsigned int val = 0;
  18          char a[8] = {0xfe,0xfd,0xfb,0xf7,0xef,0xdf,0xbf,0x7f};
  19          char seg[13] = {0xC0,0xF9,0xA4,0xB0,0x99,0x92,0x82,0xF8,0x80,0x90,0x8c,0xc1,0x8c};
  20          
  21          char Flag_1 = 1; 
  22          char Flag_2 = 1;
  23          char Flag_3 = 1;
  24          char Flag_4 = 1;
  25          void Key_scan()
  26          {
  27   1              if(S1 == 0)
  28   1              {
  29   2                      Flag_1 = 0;
  30   2              }
  31   1              else if(!Flag_1)
  32   1              {
  33   2                      Flag_1 = 1;
  34   2                      if(status == 0)
  35   2                      {
  36   3                              status = 1;
  37   3                      }
  38   2                      else if(status == 1)
  39   2                      {
  40   3                              status = 0;
  41   3                      }
  42   2              }
  43   1              
  44   1              if(S2 == 0)
  45   1                      {
  46   2                              Flag_2 = 0;
  47   2                      }
  48   1                      else if(!Flag_2)
  49   1                      {
  50   2                              Flag_2 = 1;
  51   2                              TR0 = ~TR0;
  52   2                      }
  53   1              
  54   1              if(status == 1)
  55   1              {
C51 COMPILER V9.54   MAIN                                                                  05/27/2023 20:14:32 PAGE 2   

  56   2                      if(S3 == 0)
  57   2                      {
  58   3                              Flag_3 = 0;
  59   3                      }
  60   2                      else if(!Flag_3)
  61   2                      {
  62   3                              Flag_3 = 1;
  63   3                              val+=5;
  64   3                      }
  65   2                      
  66   2                      if(S4 == 0)
  67   2                      {
  68   3                              Flag_4 = 0;
  69   3                      }
  70   2                      else if(!Flag_4)
  71   2                      {
  72   3                              Flag_4 = 1;
  73   3                              val-=5;
  74   3                      }
  75   2              }
  76   1              
  77   1      }
  78          
  79          
  80          
  81          void delay_ms(int ms)
  82          {
  83   1          int i = 0;
  84   1          int j = 0;
  85   1          for(i=0;i<ms;i++)
  86   1          {
  87   2              for(j=0;j<100;j++){}
  88   2          }
  89   1      }
  90          
  91          
  92          
  93          
  94          void SMG_pos(unsigned char i)
  95          {
  96   1              switch(i)
  97   1              {
  98   2                      case 1:
  99   2                              P1_0 = 1;
 100   2                              P1_1 = 0;
 101   2                              P1_2 = 0;
 102   2                              P1_3 = 0;
 103   2                      break;
 104   2                      
 105   2                      case 2:
 106   2                              P1_0 = 0;
 107   2                              P1_1 = 1;
 108   2                              P1_2 = 0;
 109   2                              P1_3 = 0;
 110   2                      break;
 111   2                      
 112   2                      case 3:
 113   2                              P1_0 = 0;
 114   2                              P1_1 = 0;
 115   2                              P1_2 = 1;
 116   2                              P1_3 = 0;
 117   2                      break;
C51 COMPILER V9.54   MAIN                                                                  05/27/2023 20:14:32 PAGE 3   

 118   2                      
 119   2                      case 4:
 120   2                              P1_0 = 0;
 121   2                              P1_1 = 0;
 122   2                              P1_2 = 0;
 123   2                              P1_3 = 1;
 124   2                      break;
 125   2                      
 126   2                      case 5:
 127   2                              P1_0 = 0;
 128   2                              P1_1 = 0;
 129   2                              P1_2 = 0;
 130   2                              P1_3 = 0;
 131   2                      break;
 132   2              }
 133   1      }
 134          
 135          void SMG_bit(unsigned char pos,value)
 136          {
 137   1              SMG_pos(pos);
 138   1              P0 = seg[value];
 139   1      }
 140          
 141          
 142          
 143          //void SMG_Dynamic()
 144          //{
 145          //      SMG_bit(1,key_cnt/1000);
 146          //      delay_ms(10);
 147          //      SMG_bit(2,key_cnt/100%10);
 148          //      delay_ms(10);
 149          //      SMG_bit(3,key_cnt/10%10);
 150          //      delay_ms(10);
 151          //      SMG_bit(4,key_cnt%10);
 152          //      delay_ms(10);
 153          //      SMG_bit(5,0x00);
 154          //      delay_ms(10);
 155          //}
 156          
 157          void SMG_Display()
 158          {
 159   1              if(status == 0)
 160   1              {
 161   2                      SMG_bit(1,11);
 162   2                      delay_ms(10);
 163   2                      SMG_bit(2,val/100%10);
 164   2                      delay_ms(10);
 165   2                      SMG_bit(3,val/10%10);
 166   2                      delay_ms(10);
 167   2                      SMG_bit(4,val%10);
 168   2                      delay_ms(10);
 169   2                      SMG_bit(5,0x00);
 170   2                      delay_ms(10);
 171   2              }
 172   1              if(status == 1)
 173   1              {
 174   2                      SMG_bit(1,12);
 175   2                      delay_ms(10);
 176   2                      SMG_bit(2,val/100%10);
 177   2                      delay_ms(10);
 178   2                      SMG_bit(3,val/10%10);
 179   2                      delay_ms(10);
C51 COMPILER V9.54   MAIN                                                                  05/27/2023 20:14:32 PAGE 4   

 180   2                      SMG_bit(4,val%10);
 181   2                      delay_ms(10);
 182   2                      SMG_bit(5,0x00);
 183   2                      delay_ms(10);
 184   2              }
 185   1      }
 186          
 187          
 188          
 189          
 190          
 191          void InitTimer0()
 192          {
 193   1              TMOD = 0x01;
 194   1              TH0 = (65535 - 50000) / 256; // 50ms
 195   1              TL0 = (65535 - 50000) % 256;
 196   1              
 197   1              ET0 = 1;
 198   1              EA = 1;
 199   1              TR0 = 0;
 200   1      }
 201          
 202          unsigned char count = 0;
 203          void ServiceTimer0() interrupt 1
 204          {
 205   1              TH0 = (65535 - 50000) / 256;//50ms
 206   1              TL0 = (65535 - 50000) % 256;
 207   1              
 208   1              if(status == 0)
 209   1              {
 210   2                      count++;
 211   2                      if(count == 20)//1s
 212   2                      {
 213   3                              count = 0;
 214   3                              val--;
 215   3                              if(val == 0)
 216   3                              {
 217   4                                      TR0 = 0;
 218   4                              }
 219   3                      }
 220   2              }
 221   1      }
 222          
 223          
 224          
 225          void main()
 226          {
 227   1              InitTimer0();
 228   1              while(1)
 229   1              {
 230   2      //              P2 = a[key_cnt%8];
 231   2                      Key_scan();
 232   2                      SMG_Display();
 233   2              }
 234   1      }


MODULE INFORMATION:   STATIC OVERLAYABLE
   CODE SIZE        =    439    ----
   CONSTANT SIZE    =   ----    ----
   XDATA SIZE       =   ----    ----
   PDATA SIZE       =   ----    ----
C51 COMPILER V9.54   MAIN                                                                  05/27/2023 20:14:32 PAGE 5   

   DATA SIZE        =     30    ----
   IDATA SIZE       =   ----    ----
   BIT SIZE         =   ----    ----
END OF MODULE INFORMATION.


C51 COMPILATION COMPLETE.  0 WARNING(S),  0 ERROR(S)
