C51 COMPILER V9.54   MAIN                                                                  05/23/2023 12:23:30 PAGE 1   


C51 COMPILER V9.54, COMPILATION OF MODULE MAIN
OBJECT MODULE PLACED IN main.OBJ
COMPILER INVOKED BY: D:\Keil5 C51\C51\BIN\C51.EXE main.c OPTIMIZE(8,SPEED) BROWSE DEBUG OBJECTEXTEND TABS(2)

line level    source

   1          #include "reg52.h"
   2          
   3          
   4          sbit S1 = P3^2;
   5          
   6          
   7          
   8          sbit L1 = P2^0;
   9          sbit L2 = P2^1;
  10          
  11          
  12          sbit P1_0 = P1^0;
  13          sbit P1_1 = P1^1;
  14          sbit P1_2 = P1^2;
  15          sbit P1_3 = P1^3;
  16          
  17          unsigned int key_cnt = 0;
  18          char a[8] = {0xfe,0xfd,0xfb,0xf7,0xef,0xdf,0xbf,0x7f};
  19          char seg[12] = {0xC0,0xF9,0xA4,0xB0,0x99,0x92,0x82,0xF8,0x80,0x90,0x8c,0xc1};
  20          
  21          char Flag_1 = 1; 
  22          char Flag_2 = 1;
  23          char Flag_3 = 1;
  24          char Flag_4 = 1;
  25          void Key_scan()
  26          {
  27   1        if(S1 == 0)
  28   1        {
  29   2          Flag_1 = 0;
  30   2        }
  31   1        else if(!Flag_1)
  32   1        {
  33   2          Flag_1 = 1;
  34   2          TR0 = ~TR0;
  35   2        }
  36   1        
  37   1        
  38   1      }
  39          
  40          
  41          
  42          void delay_ms(int ms)
  43          {
  44   1          int i = 0;
  45   1          int j = 0;
  46   1          for(i=0;i<ms;i++)
  47   1          {
  48   2              for(j=0;j<100;j++){}
  49   2          }
  50   1      }
  51          
  52          
  53          
  54          
  55          void SMG_pos(unsigned char i)
C51 COMPILER V9.54   MAIN                                                                  05/23/2023 12:23:30 PAGE 2   

  56          {
  57   1        switch(i)
  58   1        {
  59   2          case 1:
  60   2            P1_0 = 1;
  61   2            P1_1 = 0;
  62   2            P1_2 = 0;
  63   2            P1_3 = 0;
  64   2          break;
  65   2          
  66   2          case 2:
  67   2            P1_0 = 0;
  68   2            P1_1 = 1;
  69   2            P1_2 = 0;
  70   2            P1_3 = 0;
  71   2          break;
  72   2          
  73   2          case 3:
  74   2            P1_0 = 0;
  75   2            P1_1 = 0;
  76   2            P1_2 = 1;
  77   2            P1_3 = 0;
  78   2          break;
  79   2          
  80   2          case 4:
  81   2            P1_0 = 0;
  82   2            P1_1 = 0;
  83   2            P1_2 = 0;
  84   2            P1_3 = 1;
  85   2          break;
  86   2          
  87   2          case 5:
  88   2            P1_0 = 0;
  89   2            P1_1 = 0;
  90   2            P1_2 = 0;
  91   2            P1_3 = 0;
  92   2          break;
  93   2        }
  94   1      }
  95          
  96          void SMG_bit(unsigned char pos,value)
  97          {
  98   1        SMG_pos(pos);
  99   1        P0 = seg[value];
 100   1      }
 101          
 102          
 103          
 104          void SMG_Dynamic()
 105          {
 106   1        SMG_bit(1,key_cnt/1000);
 107   1        delay_ms(10);
 108   1        SMG_bit(2,key_cnt/100%10);
 109   1        delay_ms(10);
 110   1        SMG_bit(3,key_cnt/10%10);
 111   1        delay_ms(10);
 112   1        SMG_bit(4,key_cnt%10);
 113   1        delay_ms(10);
 114   1        SMG_bit(5,0x00);
 115   1        delay_ms(10);
 116   1      }
 117          
C51 COMPILER V9.54   MAIN                                                                  05/23/2023 12:23:30 PAGE 3   

 118          
 119          
 120          
 121          
 122          void InitTimer0()
 123          {
 124   1        TMOD = 0x11;
 125   1        TH0 = (65535 - 50000) / 256; // 50ms
 126   1        TL0 = (65535 - 50000) % 256;
 127   1        TR0 = 1;
 128   1        
 129   1        ET0 = 1;
 130   1        EA = 1;
 131   1        
 132   1      }
 133          
 134          unsigned char count1 = 0;
 135          void ServiceTimer0() interrupt 1
 136          {
 137   1        TH0 = (65535 - 50000) / 256;//50ms
 138   1        TL0 = (65535 - 50000) % 256;
 139   1        
 140   1        count1++;
 141   1        if(count1 == 20)//1s
 142   1        {
 143   2          count1 = 0;
 144   2          L1 = ~L1;
 145   2        }
 146   1      }
 147          
 148          
 149          void InitTimer1()
 150          {
 151   1        TMOD = 0x11;
 152   1        TH1 = (65535 - 25000) / 256; // 50ms
 153   1        TL1 = (65535 - 25000) % 256;
 154   1        TR1 = 1;
 155   1        
 156   1        ET1 = 1;
 157   1        EA = 1;
 158   1        
 159   1      }
 160          
 161          unsigned char count2 = 0;
 162          void ServiceTimer1() interrupt 3
 163          {
 164   1        TH1 = (65535 - 25000) / 256;//50ms
 165   1        TL1 = (65535 - 25000) % 256;
 166   1        
 167   1        count2++;
 168   1        if(count2 == 20)//0.5s
 169   1        {
 170   2          count2 = 0;
 171   2          L2 = ~L2;
 172   2      
 173   2        }
 174   1      }
 175          
 176          
 177          
 178          
 179          void main()
C51 COMPILER V9.54   MAIN                                                                  05/23/2023 12:23:30 PAGE 4   

 180          {
 181   1        InitTimer0();
 182   1        InitTimer1();
 183   1        while(1)
 184   1        {
 185   2      //    P2 = a[key_cnt%8];
 186   2          Key_scan();
 187   2          SMG_Dynamic();
 188   2        }
 189   1      }


MODULE INFORMATION:   STATIC OVERLAYABLE
   CODE SIZE        =    323    ----
   CONSTANT SIZE    =   ----    ----
   XDATA SIZE       =   ----    ----
   PDATA SIZE       =   ----    ----
   DATA SIZE        =     28    ----
   IDATA SIZE       =   ----    ----
   BIT SIZE         =   ----    ----
END OF MODULE INFORMATION.


C51 COMPILATION COMPLETE.  0 WARNING(S),  0 ERROR(S)
