C51 COMPILER V9.54   MAIN                                                                  05/13/2023 13:47:56 PAGE 1   


C51 COMPILER V9.54, COMPILATION OF MODULE MAIN
OBJECT MODULE PLACED IN main.OBJ
COMPILER INVOKED BY: D:\Keil5 C51\C51\BIN\C51.EXE main.c OPTIMIZE(8,SPEED) BROWSE DEBUG OBJECTEXTEND TABS(2)

line level    source

   1          #include "reg52.h"
   2          
   3          
   4          sbit S1 = P3^2;
   5          
   6          sbit L1 = P2^0;
   7          sbit L2 = P2^1;
   8          sbit L3 = P2^2;
   9          sbit L4 = P2^3;
  10          sbit L5 = P2^4;
  11          sbit L6 = P2^5;
  12          sbit L7 = P2^6;
  13          sbit L8 = P2^7;
  14          
  15          sbit P1_0 = P1^0;
  16          sbit P1_1 = P1^1;
  17          sbit P1_2 = P1^2;
  18          sbit P1_3 = P1^3;
  19          
  20          #define KEY_DELAY_TIME 100
  21          
  22          unsigned int key_val = 0;
  23          char a[8] = {0xfe,0xfd,0xfb,0xf7,0xef,0xdf,0xbf,0x7f};
  24          char seg[10] = {0xC0,0xF9,0xA4,0xB0,0x99,0x92,0x82,0xF8,0x80,0x90};
  25          
  26          char Flag = 0; 
  27          char key_cnt = 0;
  28          void Key_scan()
  29          {
  30   1      
  31   1        if(S1 == 0)
  32   1        {
  33   2          Flag = 1;
  34   2          key_cnt = 0;
  35   2        }
  36   1        if(Flag == 1 && S1 == 1)
  37   1        {
  38   2          key_cnt++;//累计按键消抖次数
  39   2          if(key_cnt > KEY_DELAY_TIME)
  40   2          {
  41   3            key_cnt = 0;
  42   3            Flag = 0;
  43   3            key_val += 1;
  44   3          }
  45   2          
  46   2        }
  47   1      }
  48          
  49          void delay_ms(int ms)
  50          {
  51   1          int i = 0;
  52   1          int j = 0;
  53   1          for(i=0;i<ms;i++)
  54   1          {
  55   2              for(j=0;j<100;j++){}
C51 COMPILER V9.54   MAIN                                                                  05/13/2023 13:47:56 PAGE 2   

  56   2          }
  57   1      }
  58          
  59          
  60          
  61          
  62          void SMG_pos(unsigned char i)
  63          {
  64   1        switch(i)
  65   1        {
  66   2          case 1:
  67   2            P1_0 = 1;
  68   2            P1_1 = 0;
  69   2            P1_2 = 0;
  70   2            P1_3 = 0;
  71   2          break;
  72   2          
  73   2          case 2:
  74   2            P1_0 = 0;
  75   2            P1_1 = 1;
  76   2            P1_2 = 0;
  77   2            P1_3 = 0;
  78   2          break;
  79   2          
  80   2          case 3:
  81   2            P1_0 = 0;
  82   2            P1_1 = 0;
  83   2            P1_2 = 1;
  84   2            P1_3 = 0;
  85   2          break;
  86   2          
  87   2          case 4:
  88   2            P1_0 = 0;
  89   2            P1_1 = 0;
  90   2            P1_2 = 0;
  91   2            P1_3 = 1;
  92   2          break;
  93   2          
  94   2          case 5:
  95   2            P1_0 = 0;
  96   2            P1_1 = 0;
  97   2            P1_2 = 0;
  98   2            P1_3 = 0;
  99   2          break;
 100   2        }
 101   1      }
 102          
 103          void SMG_bit(unsigned char pos,value)
 104          {
 105   1        SMG_pos(pos);
 106   1        P0 = seg[value];
 107   1      }
 108          
 109          
 110          
 111          void SMG_Dynamic()
 112          {
 113   1        SMG_bit(1,key_val/1000);
 114   1        delay_ms(10);
 115   1        SMG_bit(2,key_val/100%10);
 116   1        delay_ms(10);
 117   1        SMG_bit(3,key_val/10%10);
C51 COMPILER V9.54   MAIN                                                                  05/13/2023 13:47:56 PAGE 3   

 118   1        delay_ms(10);
 119   1        SMG_bit(4,key_val%10);
 120   1        delay_ms(10);
 121   1        SMG_bit(5,0x00);
 122   1        delay_ms(10);
 123   1      }
 124          
 125          
 126          void Timer0Init(void)   //2毫秒@12.000MHz
 127          {
 128   1        TMOD &= 0xF0;   //???????
 129   1        TMOD |= 0x01;   //???????
 130   1        TL0 = 0x30;   //??????
 131   1        TH0 = 0xF8;   //??????
 132   1        TF0 = 0;    //??TF0??
 133   1        ET0 = 1;
 134   1        EA = 1;
 135   1        TR0 = 1;    //???0????
 136   1      }
 137          
 138          
 139          
 140          void timer0()interrupt 1 //每隔2毫秒进入中断一次
 141          {
 142   1        TR0 = 0;
 143   1      //  SMG_Dynamic();
 144   1        Key_scan();
 145   1        TL0 = 0x18;   //??????
 146   1        TH0 = 0xFC;   //??????
 147   1        TR0 = 1;
 148   1      }
 149          
 150          
 151          
 152          
 153          
 154          
 155          
 156          void main()
 157          {
 158   1        Timer0Init();
 159   1        while(1)
 160   1        {
 161   2          P2 = a[key_val%8];
 162   2      //    Key_scan();
 163   2          SMG_Dynamic();
 164   2        }
 165   1      }


MODULE INFORMATION:   STATIC OVERLAYABLE
   CODE SIZE        =    309    ----
   CONSTANT SIZE    =   ----    ----
   XDATA SIZE       =   ----    ----
   PDATA SIZE       =   ----    ----
   DATA SIZE        =     22    ----
   IDATA SIZE       =   ----    ----
   BIT SIZE         =   ----    ----
END OF MODULE INFORMATION.


C51 COMPILATION COMPLETE.  0 WARNING(S),  0 ERROR(S)
