C51 COMPILER V9.54   MAIN                                                                  05/29/2023 12:48:56 PAGE 1   


C51 COMPILER V9.54, COMPILATION OF MODULE MAIN
OBJECT MODULE PLACED IN main.OBJ
COMPILER INVOKED BY: D:\Keil5 C51\C51\BIN\C51.EXE main.c OPTIMIZE(8,SPEED) BROWSE DEBUG OBJECTEXTEND

line level    source

   1          #include "reg52.h"
   2          
   3          
   4          sbit S1 = P2^0;
   5          sbit S2 = P2^1;
   6          
   7          
   8          sbit P1_0 = P1^0;
   9          sbit P1_1 = P1^1;
  10          sbit P1_2 = P1^2;
  11          sbit P1_3 = P1^3;
  12          
  13          
  14          unsigned int val = 0;
  15          char a[8] = {0xfe,0xfd,0xfb,0xf7,0xef,0xdf,0xbf,0x7f};
  16          char seg[13] = {0xC0,0xF9,0xA4,0xB0,0x99,0x92,0x82,0xF8,0x80,0x90,0x8c,0xc1,0x8c};
  17          
  18          char Flag_1 = 1; 
  19          char Flag_2 = 1;
  20          void Key_scan()
  21          {       
  22   1              if(S1 == 0)
  23   1                      {
  24   2                              Flag_1 = 0;
  25   2                      }
  26   1                      else if(!Flag_1)
  27   1                      {
  28   2                              Flag_1 = 1;
  29   2                              TR0 = ~TR0;
  30   2                      }
  31   1      
  32   1                      if(S2 == 0)
  33   1                      {
  34   2                              Flag_2 = 0;
  35   2                      }
  36   1                      else if(!Flag_2)
  37   1                      {
  38   2                              Flag_2 = 1;
  39   2                              val=0;
  40   2                      }
  41   1      }
  42          
  43          
  44          
  45          void delay_ms(int ms)
  46          {
  47   1          int i = 0;
  48   1          int j = 0;
  49   1          for(i=0;i<ms;i++)
  50   1          {
  51   2              for(j=0;j<100;j++){}
  52   2          }
  53   1      }
  54          
  55          
C51 COMPILER V9.54   MAIN                                                                  05/29/2023 12:48:56 PAGE 2   

  56          
  57          
  58          void SMG_pos(unsigned char i)
  59          {
  60   1              switch(i)
  61   1              {
  62   2                      case 1:
  63   2                              P1_0 = 1;
  64   2                              P1_1 = 0;
  65   2                              P1_2 = 0;
  66   2                              P1_3 = 0;
  67   2                      break;
  68   2                      
  69   2                      case 2:
  70   2                              P1_0 = 0;
  71   2                              P1_1 = 1;
  72   2                              P1_2 = 0;
  73   2                              P1_3 = 0;
  74   2                      break;
  75   2                      
  76   2                      case 3:
  77   2                              P1_0 = 0;
  78   2                              P1_1 = 0;
  79   2                              P1_2 = 1;
  80   2                              P1_3 = 0;
  81   2                      break;
  82   2                      
  83   2                      case 4:
  84   2                              P1_0 = 0;
  85   2                              P1_1 = 0;
  86   2                              P1_2 = 0;
  87   2                              P1_3 = 1;
  88   2                      break;
  89   2                      
  90   2                      case 5:
  91   2                              P1_0 = 0;
  92   2                              P1_1 = 0;
  93   2                              P1_2 = 0;
  94   2                              P1_3 = 0;
  95   2                      break;
  96   2              }
  97   1      }
  98          
  99          void SMG_bit(unsigned char pos,value)
 100          {
 101   1              SMG_pos(pos);
 102   1              P0 = seg[value];
 103   1      }
 104          
 105          
 106          
 107          //void SMG_Dynamic()
 108          //{
 109          //      SMG_bit(1,key_cnt/1000);
 110          //      delay_ms(10);
 111          //      SMG_bit(2,key_cnt/100%10);
 112          //      delay_ms(10);
 113          //      SMG_bit(3,key_cnt/10%10);
 114          //      delay_ms(10);
 115          //      SMG_bit(4,key_cnt%10);
 116          //      delay_ms(10);
 117          //      SMG_bit(5,0x00);
C51 COMPILER V9.54   MAIN                                                                  05/29/2023 12:48:56 PAGE 3   

 118          //      delay_ms(10);
 119          //}
 120          
 121          void SMG_Display()
 122          {
 123   1              SMG_bit(1,val/1000%10);
 124   1              delay_ms(10);
 125   1              SMG_bit(2,val/100%10);
 126   1              delay_ms(10);
 127   1              SMG_bit(3,val/10%10);
 128   1              delay_ms(10);
 129   1              SMG_bit(4,val%10);
 130   1              delay_ms(10);
 131   1              SMG_bit(5,0x00);
 132   1              delay_ms(10);
 133   1      }
 134          
 135          
 136          
 137          
 138          
 139          void InitTimer0()
 140          {
 141   1              TMOD = 0x01;
 142   1              TH0 = (65535 - 50000) / 256; // 50ms
 143   1              TL0 = (65535 - 50000) % 256;
 144   1              
 145   1              ET0 = 1;
 146   1              EA = 1;
 147   1              TR0 = 0;
 148   1      }
 149          
 150          unsigned char count = 0;
 151          void ServiceTimer0() interrupt 1
 152          {
 153   1              TH0 = (65535 - 50000) / 256;//50ms
 154   1              TL0 = (65535 - 50000) % 256;
 155   1              
 156   1      
 157   1              count++;
 158   1              if(count == 20)//1s
 159   1              {
 160   2                      count = 0;
 161   2                      val+=1;
 162   2                      if(val == 0)
 163   2                      {
 164   3                              TR0 = 0;
 165   3                      }
 166   2              }
 167   1      }
 168          
 169          
 170          
 171          void main()
 172          {
 173   1              InitTimer0();
 174   1              while(1)
 175   1              {
 176   2      //              P2 = a[key_cnt%8];
 177   2                      Key_scan();
 178   2                      SMG_Display();
 179   2              }
C51 COMPILER V9.54   MAIN                                                                  05/29/2023 12:48:56 PAGE 4   

 180   1      }


MODULE INFORMATION:   STATIC OVERLAYABLE
   CODE SIZE        =    311    ----
   CONSTANT SIZE    =   ----    ----
   XDATA SIZE       =   ----    ----
   PDATA SIZE       =   ----    ----
   DATA SIZE        =     26    ----
   IDATA SIZE       =   ----    ----
   BIT SIZE         =   ----    ----
END OF MODULE INFORMATION.


C51 COMPILATION COMPLETE.  0 WARNING(S),  0 ERROR(S)
