C51 COMPILER V9.54   ________                                                              05/29/2023 08:51:53 PAGE 1   


C51 COMPILER V9.54, COMPILATION OF MODULE ________
OBJECT MODULE PLACED IN .\Objects\串口通信.obj
COMPILER INVOKED BY: D:\Keil5 C51\C51\BIN\C51.EXE 串口通信.c OPTIMIZE(8,SPEED) BROWSE DEBUG OBJECTEXTEND PRINT(.\Listing
                    -s\串口通信.lst) OBJECT(.\Objects\串口通信.obj)

line level    source

   1          #include "reg52.h"
   2          
   3          sfr AUXR = 0x8e;
   4          
   5          sbit L1 =P0^0;
   6          sbit L2 =P0^1;
   7          sbit L3 =P0^2;
   8          sbit L4 =P0^3;
   9          sbit L5 =P0^4;
  10          sbit L6 =P0^5;
  11          sbit L7 =P0^6;
  12          sbit L8 =P0^7;
  13          
  14          void SelectHC573(unsigned char channel)
  15          {
  16   1              switch(channel)
  17   1              {
  18   2                      case 4:
  19   2                              P2 = (P2 & 0x1f) | 0x80;
  20   2                      break;
  21   2                      case 5:
  22   2                              P2 = (P2 & 0x1f) | 0xa0;
  23   2                      break;
  24   2                      case 6:
  25   2                              P2 = (P2 & 0x1f) | 0xc0;
  26   2                      break;
  27   2                      case 7:
  28   2                              P2 = (P2 & 0x1f) | 0xe0;
  29   2                      break;
  30   2                      case 0:
  31   2                              P2 = (P2 & 0x1f) | 0x00;
  32   2                      break;
  33   2              }
  34   1      }
  35          
  36          void InitSystem()
  37          {
  38   1              SelectHC573(5);
  39   1              P0 = 0x00;
  40   1              SelectHC573(4);
  41   1              P0 = 0xff;
  42   1      }
  43          
  44          
  45          void InitUart()
  46          {
  47   1              TMOD = 0x20;
  48   1              TH1 = 0xfd;
  49   1              TL1 = 0xfd;
  50   1              TR1 = 1;
  51   1              
  52   1              SCON = 0x50;
  53   1              AUXR = 0x00;
  54   1              
C51 COMPILER V9.54   ________                                                              05/29/2023 08:51:53 PAGE 2   

  55   1              ES = 1;
  56   1              EA = 1;
  57   1      }
  58          
  59          
  60          unsigned char command =0x00;
  61          void ServiceUart() interrupt 4
  62          {
  63   1              if(RI == 1)
  64   1              {
  65   2                      command = SBUF;
  66   2                      RI = 0;
  67   2              }
  68   1      
  69   1      }
  70          
  71          
  72          void SendByte(unsigned char dat)
  73          {
  74   1              SBUF = dat;
  75   1              while(TI == 0);
  76   1              TI = 0;
  77   1      }
  78          
  79          void SendString(unsigned char *str)
  80          {
  81   1              while(*str != '\0')
  82   1              {
  83   2                      SendByte(*str++);
  84   2              }
  85   1      }
  86          
  87          void Working()
  88          {
  89   1              if(command != 0)
  90   1              {
  91   2                      switch(command )
  92   2                      {
  93   3                              case 0xa1:
  94   3                                      L1 = 0;
  95   3                                      command = 0x00;
  96   3                              break;
  97   3                              case 0xb1:
  98   3                                      L1 = 1;
  99   3                                      command = 0x00;
 100   3                              break;
 101   3                              
 102   3                              case 0xa2:
 103   3                                      L2 = 0;
 104   3                                      command = 0x00;
 105   3                              break;
 106   3                              case 0xb2:
 107   3                                      L2 = 1;
 108   3                                      command = 0x00;
 109   3                              break;
 110   3                              
 111   3                              case 0xa3:
 112   3                                      L3 = 0;
 113   3                                      command = 0x00;
 114   3                              break;
 115   3                              case 0xb3:
 116   3                                      L3= 1;
C51 COMPILER V9.54   ________                                                              05/29/2023 08:51:53 PAGE 3   

 117   3                                      command = 0x00;
 118   3                              break;
 119   3                              
 120   3                              case 0xa4:
 121   3                                      L4 = 0;
 122   3                                      command = 0x00;
 123   3                              break;
 124   3                              case 0xb4:
 125   3                                      L4= 1;
 126   3                                      command = 0x00;
 127   3                              break;
 128   3                              
 129   3                              case 0xa5:
 130   3                                      L5 = 0;
 131   3                                      command = 0x00;
 132   3                              break;
 133   3                              case 0xb5:
 134   3                                      L5= 1;
 135   3                                      command = 0x00;
 136   3                              break;
 137   3                              
 138   3                              case 0xa6:
 139   3                                      L6 = 0;
 140   3                                      command = 0x00;
 141   3                              break;
 142   3                              case 0xb6:
 143   3                                      L6= 1;
 144   3                                      command = 0x00;
 145   3                              break;
 146   3                              
 147   3                              case 0xa7:
 148   3                                      L7 = 0;
 149   3                                      command = 0x00;
 150   3                              break;
 151   3                              case 0xb7:
 152   3                                      L7= 1;
 153   3                                      command = 0x00;
 154   3                              break;
 155   3                              
 156   3                              case 0xa8:
 157   3                                      L8 = 0;
 158   3                                      command = 0x00;
 159   3                              break;
 160   3                              case 0xb8:
 161   3                                      L8= 1;
 162   3                                      command = 0x00;
 163   3                              break;
 164   3                      }
 165   2              
 166   2              }
 167   1              
 168   1      }
 169          
 170          
 171          
 172          
 173          void main()
 174          {       
 175   1              
 176   1              InitUart();
 177   1              InitSystem();
 178   1              SendString("hallo word!\r\n");
C51 COMPILER V9.54   ________                                                              05/29/2023 08:51:53 PAGE 4   

 179   1              while(1)
 180   1              {
 181   2                      Working();
 182   2              }
 183   1              
 184   1      }


MODULE INFORMATION:   STATIC OVERLAYABLE
   CODE SIZE        =    294    ----
   CONSTANT SIZE    =     14    ----
   XDATA SIZE       =   ----    ----
   PDATA SIZE       =   ----    ----
   DATA SIZE        =      1       3
   IDATA SIZE       =   ----    ----
   BIT SIZE         =   ----    ----
END OF MODULE INFORMATION.


C51 COMPILATION COMPLETE.  0 WARNING(S),  0 ERROR(S)
