C51 COMPILER V9.54   MAIN                                                                  05/31/2023 19:32:47 PAGE 1   


C51 COMPILER V9.54, COMPILATION OF MODULE MAIN
OBJECT MODULE PLACED IN main.OBJ
COMPILER INVOKED BY: D:\Keil5 C51\C51\BIN\C51.EXE main.c OPTIMIZE(8,SPEED) BROWSE DEBUG OBJECTEXTEND

line level    source

   1          #include "reg52.h"
   2          
   3          
   4          sbit S1 = P3^0;
   5          sbit S2 = P3^1;
   6          sbit S3 = P3^2;
   7          sbit S4 = P3^3;
   8          
   9          sbit P2_0 = P2^0;
  10          sbit P2_1 = P2^1;
  11          
  12          
  13          sbit P1_0 = P1^0;
  14          sbit P1_1 = P1^1;
  15          sbit P1_2 = P1^2;
  16          sbit P1_3 = P1^3;
  17          
  18          unsigned int t1 = 10;//50Hz
  19          unsigned int t2 = 20;//25Hz
  20          char a[8] = {0xfe,0xfd,0xfb,0xf7,0xef,0xdf,0xbf,0x7f};
  21          char seg[12] = {0xC0,0xF9,0xA4,0xB0,0x99,0x92,0x82,0xF8,0x80,0x90,0x8c,0xc1};
  22          
  23          char Flag_1 = 1; 
  24          char Flag_2 = 1;
  25          char Flag_3 = 1; 
  26          char Flag_4 = 1;
  27          void Key_scan()
  28          {
  29   1              if(S1 == 0)
  30   1              {
  31   2                      Flag_1 = 0;
  32   2              }
  33   1              else if(!Flag_1)
  34   1              {
  35   2                      Flag_1 = 1;
  36   2                      t1-=1;
  37   2              }
  38   1              
  39   1              if(S2 == 0)
  40   1              {
  41   2                      Flag_2 = 0;
  42   2              }
  43   1              else if(!Flag_2)
  44   1              {
  45   2                      Flag_2 = 1;
  46   2                      t1+=1;
  47   2              }
  48   1              
  49   1      //      if(S3 == 0)
  50   1      //      {
  51   1      //              Flag_3 = 0;
  52   1      //      }
  53   1      //      else if(!Flag_3)
  54   1      //      {
  55   1      //              Flag_3 = 1;
C51 COMPILER V9.54   MAIN                                                                  05/31/2023 19:32:47 PAGE 2   

  56   1      //              t2-=5;
  57   1      //      }
  58   1      //      
  59   1      //      if(S4 == 0)
  60   1      //      {
  61   1      //              Flag_4 = 0;
  62   1      //      }
  63   1      //      else if(!Flag_4)
  64   1      //      {
  65   1      //              Flag_4 = 1;
  66   1      //              t2+=5;
  67   1      //      }
  68   1      
  69   1      }
  70          
  71          
  72          
  73          void delay_ms(int ms)
  74          {
  75   1          int i = 0;
  76   1          int j = 0;
  77   1          for(i=0;i<ms;i++)
  78   1          {
  79   2              for(j=0;j<100;j++){}
  80   2          }
  81   1      }
  82          
  83          
  84          
  85          
  86          void SMG_pos(unsigned char i)
  87          {
  88   1              switch(i)
  89   1              {
  90   2                      case 1:
  91   2                              P1_0 = 1;
  92   2                              P1_1 = 0;
  93   2                              P1_2 = 0;
  94   2                              P1_3 = 0;
  95   2                      break;
  96   2                      
  97   2                      case 2:
  98   2                              P1_0 = 0;
  99   2                              P1_1 = 1;
 100   2                              P1_2 = 0;
 101   2                              P1_3 = 0;
 102   2                      break;
 103   2                      
 104   2                      case 3:
 105   2                              P1_0 = 0;
 106   2                              P1_1 = 0;
 107   2                              P1_2 = 1;
 108   2                              P1_3 = 0;
 109   2                      break;
 110   2                      
 111   2                      case 4:
 112   2                              P1_0 = 0;
 113   2                              P1_1 = 0;
 114   2                              P1_2 = 0;
 115   2                              P1_3 = 1;
 116   2                      break;
 117   2                      
C51 COMPILER V9.54   MAIN                                                                  05/31/2023 19:32:47 PAGE 3   

 118   2                      case 5:
 119   2                              P1_0 = 0;
 120   2                              P1_1 = 0;
 121   2                              P1_2 = 0;
 122   2                              P1_3 = 0;
 123   2                      break;
 124   2              }
 125   1      }
 126          
 127          void SMG_bit(unsigned char pos,value)
 128          {
 129   1              SMG_pos(pos);
 130   1              P0 = seg[value];
 131   1      }
 132          
 133          
 134          
 135          void SMG_Dynamic(unsigned int i)
 136          {
 137   1              SMG_bit(1,i/1000);
 138   1              delay_ms(10);
 139   1              SMG_bit(2,i/100%10);
 140   1              delay_ms(10);
 141   1              SMG_bit(3,i/10%10);
 142   1              delay_ms(10);
 143   1              SMG_bit(4,i%10);
 144   1              delay_ms(10);
 145   1              SMG_bit(5,0x00);
 146   1              delay_ms(10);
 147   1      }
 148          
 149          
 150          
 151          
 152          
 153          void InitTimer0()
 154          {
 155   1              TMOD = 0x11;
 156   1              TH0 = (65535 - 1000) / 256; // 50ms
 157   1              TL0 = (65535 - 1000) % 256;
 158   1              TR0 = 1;
 159   1              
 160   1              ET0 = 1;
 161   1              EA = 1;
 162   1              
 163   1      }
 164          
 165          int count1 = 0;
 166          int count2 = 0;
 167          void ServiceTimer0() interrupt 1
 168          {
 169   1              TH0 = (65535 - 1000) / 256;//1ms
 170   1              TL0 = (65535 - 1000) % 256;
 171   1              
 172   1              count1++;
 173   1              if(count1 == t1)//t1 ms
 174   1              {
 175   2                      count1 = 0;
 176   2                      P2_0 = ~P2_0;
 177   2              }
 178   1              
 179   1              count2++;
C51 COMPILER V9.54   MAIN                                                                  05/31/2023 19:32:47 PAGE 4   

 180   1              if(count2 == t2)//t2 ms
 181   1              {
 182   2                      count2 = 0;
 183   2                      P2_1 = ~P2_1;
 184   2              }
 185   1      }
 186          
 187          
 188          
 189          void INT0_Init(void)
 190          {
 191   1              IT0 = 1; //外部中断触发模式，下降沿
 192   1              EA =1; //外部中断0开关
 193   1              EX0 =1; //外部中断总开关
 194   1              
 195   1      }
 196          
 197          
 198          void exint0() interrupt 0       //INT0
 199          {
 200   1              t2-=5;
 201   1      }
 202          
 203          
 204          void INT1_Init(void)
 205          {
 206   1              IT1 =1;//外部中断触发模式，下降沿
 207   1              EA =1;//外部中断1开关
 208   1              EX1 =1;//外部中断总开关
 209   1              
 210   1      }
 211          
 212          void exint1() interrupt 2       //INT1
 213          {
 214   1              t2+=5;
 215   1      }
 216          
 217          
 218          
 219          int f1;
 220          int f2;
 221          int num;
 222          void main()
 223          {
 224   1              INT0_Init();
 225   1              INT1_Init();
 226   1              InitTimer0();
 227   1              while(1)
 228   1              {
 229   2                      if(f1>99)
 230   2                      {
 231   3                              t1=10;
 232   3                      }
 233   2                      if(f2>99)
 234   2                      {
 235   3                              t2 = 20;
 236   3                      }
 237   2                      f1 = 500/t1;
 238   2                      f2 = 500/t2;
 239   2                      num = f1*100+f2;
 240   2                      Key_scan();
 241   2                      SMG_Dynamic(num);
C51 COMPILER V9.54   MAIN                                                                  05/31/2023 19:32:47 PAGE 5   

 242   2              }
 243   1      }


MODULE INFORMATION:   STATIC OVERLAYABLE
   CODE SIZE        =    496    ----
   CONSTANT SIZE    =   ----    ----
   XDATA SIZE       =   ----    ----
   PDATA SIZE       =   ----    ----
   DATA SIZE        =     38    ----
   IDATA SIZE       =   ----    ----
   BIT SIZE         =   ----    ----
END OF MODULE INFORMATION.


C51 COMPILATION COMPLETE.  0 WARNING(S),  0 ERROR(S)
