C51 COMPILER V9.54   MIAN                                                                  04/19/2023 17:16:26 PAGE 1   


C51 COMPILER V9.54, COMPILATION OF MODULE MIAN
OBJECT MODULE PLACED IN .\Objects\mian.obj
COMPILER INVOKED BY: D:\Keil5 C51\C51\BIN\C51.EXE mian.c OPTIMIZE(8,SPEED) BROWSE DEBUG OBJECTEXTEND PRINT(.\Listings\mi
                    -an.lst) TABS(2) OBJECT(.\Objects\mian.obj)

line level    source

   1          #include "reg52.h"
   2          
   3          sbit S1 = P3^0;
   4          unsigned int i = 0;
   5          
   6          void Delay(unsigned int t)
   7          {
   8   1        while(t--);
   9   1      }
  10          
  11          char a[8] = {0xfe,0xfd,0xfb,0xf7,0xef,0xdf,0xbf,0x7f};
  12          
  13          void Key()
  14          {
  15   1        if(S1 == 0)
  16   1        {
  17   2          Delay(10000);
  18   2          while(S1==0);
  19   2          i+=1;
  20   2          if(i==8)
  21   2            i=0;
  22   2        }
  23   1      }
  24          
  25          //void Run()
  26          //{
  27          //  for(i=0;i<4;i++)
  28          //  {
  29          //    P0 = a[i];
  30          //    Delay(100000);
  31          //  }
  32          //}
  33          
  34          void main()
  35          {
  36   1        while(1)
  37   1        {
  38   2          Key();
  39   2          P0 = a[i];
  40   2        }
  41   1      }


MODULE INFORMATION:   STATIC OVERLAYABLE
   CODE SIZE        =     56    ----
   CONSTANT SIZE    =   ----    ----
   XDATA SIZE       =   ----    ----
   PDATA SIZE       =   ----    ----
   DATA SIZE        =     10    ----
   IDATA SIZE       =   ----    ----
   BIT SIZE         =   ----    ----
END OF MODULE INFORMATION.


C51 COMPILATION COMPLETE.  0 WARNING(S),  0 ERROR(S)
