C51 COMPILER V9.54   MAIN                                                                  05/09/2023 16:13:55 PAGE 1   


C51 COMPILER V9.54, COMPILATION OF MODULE MAIN
OBJECT MODULE PLACED IN .\Objects\main.obj
COMPILER INVOKED BY: D:\Keil5 C51\C51\BIN\C51.EXE main.c OPTIMIZE(8,SPEED) BROWSE DEBUG OBJECTEXTEND PRINT(.\Listings\ma
                    -in.lst) TABS(2) OBJECT(.\Objects\main.obj)

line level    source

   1          #include "reg52.h"
   2          #include "intrins.h"
   3           
   4          
   5          sbit Trig     = P1^5;
   6          sbit Echo     = P1^6;
   7          sbit sg90_con = P1^1;
   8          
   9           
  10          char angle;
  11          char angle_bak;
  12          char cnt = 0;
  13          
  14           
  15          void Delay150ms()   //@11.0592MHz
  16          {
  17   1        unsigned char i, j, k;
  18   1       
  19   1        _nop_();
  20   1        i = 2;
  21   1        j = 13;
  22   1        k = 237;
  23   1        do
  24   1        {
  25   2          do
  26   2          {
  27   3            while (--k);
  28   3          } while (--j);
  29   2        } while (--i);
  30   1      }
  31           
  32          void Delay2000ms()    //@11.0592MHz
  33          {
  34   1        unsigned char i, j, k;
  35   1       
  36   1        _nop_();
  37   1        i = 15;
  38   1        j = 2;
  39   1        k = 235;
  40   1        do
  41   1        {
  42   2          do
  43   2          {
  44   3            while (--k);
  45   3          } while (--j);
  46   2        } while (--i);
  47   1      }
  48           
  49          void Delay10us()    //@11.0592MHz
  50          {
  51   1        unsigned char i;
  52   1       
  53   1        i = 2;
  54   1        while (--i);
C51 COMPILER V9.54   MAIN                                                                  05/09/2023 16:13:55 PAGE 2   

  55   1      }
  56           
  57          void Timer0Init(void)   //500微秒@11.0592MHz
  58          {
  59   1        //AUXR &= 0x7F;   
  60   1        TMOD &= 0xF0; //设置定时器模式16位
  61   1        TMOD |= 0x01; //设置定时器模式
  62   1        TL0 = 0x33;   //设置定时器初始值0.5ms
  63   1        TH0 = 0xFE;   //设置定时器初始
  64   1        TF0 = 0;    //清除TF0标志
  65   1        TR0 = 1;    //定时器0开始计时
  66   1        ET0 = 1;    //打开定时器0中断
  67   1        EA  = 1;    //打开总中断EA
  68   1      }
  69           
  70          void Timer1Init()   
  71          { 
  72   1        TMOD &= 0x0F;   
  73   1        TMOD |= 0x10;
  74   1        TH1 = 0;
  75   1        TL1 = 0;
  76   1      }
  77           
  78          void startHC()
  79          {
  80   1        Trig = 0;
  81   1        Trig = 1;
  82   1        Delay10us();
  83   1        Trig = 0;
  84   1      }
  85           
  86          double get_distance()
  87          {
  88   1          double time;
  89   1          //定时器清零，以便下一次测距
  90   1          TH1 = 0;
  91   1          TL1 = 0;
  92   1        //1.让它发送波:给Trig端口至少10us的高电平
  93   1          startHC();
  94   1          //2. 开始发送波:Echo由低电平跳转到高电平
  95   1          while(Echo == 0);
  96   1          //   开始发送波，启动定时器
  97   1          TR1 = 1;
  98   1          //3. 接收返回波:Echo由低电平转回高电平
  99   1          while(Echo == 1);
 100   1          //   接收返回波，停止定时器
 101   1          TR1 = 0;
 102   1          //4. 计算时间
 103   1          time = (TH1 * 256 + TL1)*1.085;//us???
 104   1          //5. 距离 = 速度 (340m/s)* 时间/2
 105   1          return  (time * 0.017);
 106   1      }
 107           
 108          
 109           
 110          void initSG90_0()
 111          {
 112   1        angle = 1;      //初始角度0度，0.5ms，溢出1就是高电平
 113   1        cnt = 0;
 114   1        sg90_con = 1;//一开始从高电平开始
 115   1      }
 116           
C51 COMPILER V9.54   MAIN                                                                  05/09/2023 16:13:55 PAGE 3   

 117          void openDustbin()
 118          {
 119   1        char n;
 120   1        angle = 3; //90度，1.5ms高电平
 121   1        //舵机开盖
 122   1        if(angle_bak != angle){
 123   2          cnt = 0;
 124   2          for(n = 0; n < 2; n++)
 125   2            Delay150ms();
 126   2          Delay2000ms();
 127   2        }
 128   1        angle_bak = angle;
 129   1      }
 130           
 131          void closeDustbin()
 132          {
 133   1        //关盖
 134   1        angle = 1; //0度
 135   1        angle_bak = angle;
 136   1        cnt = 0;
 137   1        Delay150ms();
 138   1      }
 139          
 140           
 141          void main()
 142          {
 143   1        double dis;
 144   1        
 145   1        Timer0Init();
 146   1        Timer1Init();
 147   1        
 148   1        initSG90_0();//舵机的初始位置
 149   1        
 150   1        while(1){
 151   2          
 152   2          dis = get_distance();//超声波测距
 153   2          if(dis < 10 ){
 154   3            //开盖
 155   3            openDustbin();
 156   3          }else{
 157   3            //关盖
 158   3            closeDustbin();
 159   3          }
 160   2        }
 161   1      }
 162           
 163          void Time0Handler() interrupt 1
 164          {
 165   1        cnt++;            //统计溢出的次数
 166   1        //重新给初值
 167   1        TL0 = 0x33;
 168   1        TH0 = 0xFE;
 169   1        
 170   1        //PWM控制
 171   1        if(cnt < angle){
 172   2          sg90_con = 1;
 173   2        }else{
 174   2          sg90_con = 0;
 175   2        }
 176   1        
 177   1        if(cnt == 40){        //当溢出了40次,延时了20ms
 178   2          cnt = 0;          
C51 COMPILER V9.54   MAIN                                                                  05/09/2023 16:13:55 PAGE 4   

 179   2          sg90_con = 1;
 180   2        }   
 181   1      }
 182           


MODULE INFORMATION:   STATIC OVERLAYABLE
   CODE SIZE        =    302    ----
   CONSTANT SIZE    =   ----    ----
   XDATA SIZE       =   ----    ----
   PDATA SIZE       =   ----    ----
   DATA SIZE        =      3       8
   IDATA SIZE       =   ----    ----
   BIT SIZE         =   ----    ----
END OF MODULE INFORMATION.


C51 COMPILATION COMPLETE.  0 WARNING(S),  0 ERROR(S)
