C51 COMPILER V9.54   LED                                                                   05/10/2023 12:07:48 PAGE 1   


C51 COMPILER V9.54, COMPILATION OF MODULE LED
OBJECT MODULE PLACED IN led.OBJ
COMPILER INVOKED BY: D:\Keil5 C51\C51\BIN\C51.EXE led.c OPTIMIZE(8,SPEED) BROWSE DEBUG OBJECTEXTEND TABS(2)

line level    source

   1          #include <reg51.h>                 
   2          
   3          
   4          sbit LED1 = P0^0;                                      
   5          sbit LED2 = P0^1;
   6          sbit LED3 = P0^2;                                      
   7          sbit LED4 = P0^3; 
   8          
   9          
  10          sbit C1 = P2^0;
  11          sbit C2 = P2^1;
  12          sbit C3 = P2^2;
  13          sbit C4 = P2^3;
  14          
  15          
  16          
  17          void main(void)                     
  18          {
  19   1        unsigned char led1_flag = 0;
  20   1        unsigned char led2_flag = 0;
  21   1        unsigned char led3_flag = 0;
  22   1        unsigned char led4_flag = 0;
  23   1        while(1)                       
  24   1        {
  25   2          if(!C1)
  26   2          {
  27   3            led1_flag = 1;
  28   3            
  29   3          }
  30   2          if(led1_flag == 1 && C1 == 1)
  31   2          {
  32   3            led1_flag = 0;
  33   3            LED1 = ~LED1;
  34   3          }
  35   2          
  36   2          if(!C2)
  37   2          {
  38   3            led2_flag = 1;
  39   3            
  40   3          }
  41   2          if(led2_flag == 1 && C2 == 1)
  42   2          {
  43   3            led2_flag = 0;
  44   3            LED2 = ~LED2;
  45   3          }
  46   2          
  47   2          if(!C3)
  48   2          {
  49   3            led3_flag = 1;
  50   3            
  51   3          }
  52   2          if(led3_flag == 1 && C3 == 1)
  53   2          {
  54   3            led3_flag = 0;
  55   3            LED3 = ~LED3;
C51 COMPILER V9.54   LED                                                                   05/10/2023 12:07:48 PAGE 2   

  56   3          }
  57   2          
  58   2          if(!C4)
  59   2          {
  60   3            led4_flag = 1;
  61   3            
  62   3          }
  63   2          if(led4_flag == 1 && C4 == 1)
  64   2          {
  65   3            led4_flag = 0;
  66   3            LED4 = ~LED4;
  67   3          }
  68   2        }
  69   1      }


MODULE INFORMATION:   STATIC OVERLAYABLE
   CODE SIZE        =     67    ----
   CONSTANT SIZE    =   ----    ----
   XDATA SIZE       =   ----    ----
   PDATA SIZE       =   ----    ----
   DATA SIZE        =   ----    ----
   IDATA SIZE       =   ----    ----
   BIT SIZE         =   ----    ----
END OF MODULE INFORMATION.


C51 COMPILATION COMPLETE.  0 WARNING(S),  0 ERROR(S)
