C51 COMPILER V9.54   ________1                                                             03/28/2023 20:37:04 PAGE 1   


C51 COMPILER V9.54, COMPILATION OF MODULE ________1
OBJECT MODULE PLACED IN .\Objects\æÿ’Ûº¸≈Ã1.obj
COMPILER INVOKED BY: D:\Keil5 C51\C51\BIN\C51.EXE æÿ’Ûº¸≈Ã1.c OPTIMIZE(8,SPEED) BROWSE DEBUG OBJECTEXTEND PRINT(.\Listin
                    -gs\æÿ’Ûº¸≈Ã1.lst) TABS(2) OBJECT(.\Objects\æÿ’Ûº¸≈Ã1.obj)

line level    source

   1          #include "reg52.h"
   2          
   3          sbit HC138_A = P2^5;
   4          sbit HC138_B = P2^6;
   5          sbit HC138_C = P2^7;
   6          
   7          sfr P4 = 0xC0;
   8          
   9          sbit R1 = P3^0;
  10          sbit R2 = P3^1;
  11          sbit R3 = P3^2;
  12          sbit R4 = P3^3;
  13          
  14          sbit C4 = P3^4;
  15          sbit C3 = P3^5;
  16          sbit C2 = P4^2;
  17          sbit C1 = P4^4;
  18          
  19          
  20          unsigned char code SMG_duanma[10]=
  21            {0xc0,0xf9,0xa4,0xb0,0x99,0x92,0x82,0xf8,0x80,0x90};
  22          
  23          
  24          void SelectHC573(unsigned char channel)
  25          {
  26   1        switch(channel)
  27   1        {
  28   2          case 4:
  29   2            P2 = (P2 & 0x1f) | 0x80;
  30   2          break;
  31   2          
  32   2          case 5:
  33   2            P2 = (P2 & 0x1f) | 0xa0;
  34   2          break;
  35   2          
  36   2          case 6:
  37   2            P2 = (P2 & 0x1f) | 0xc0;
  38   2          break;
  39   2          
  40   2          case 7:
  41   2            P2 = (P2 & 0x1f) | 0xe0;
  42   2          break;
  43   2        }
  44   1      }
  45          
  46          void DisplaySMG_Bit(unsigned char value,unsigned char pos)
  47          {
  48   1        P0 = 0xff;
  49   1        SelectHC573(6);
  50   1        P0 = 0x01 << pos;
  51   1        SelectHC573(7);
  52   1        P0 = value;
  53   1      }
  54          
C51 COMPILER V9.54   ________1                                                             03/28/2023 20:37:04 PAGE 2   

  55          void DelaySMG(unsigned int t)
  56          {
  57   1        while(t--);
  58   1      }
  59          
  60          
  61          int value = 0;
  62          
  63          void Display_Dynamic()
  64          {
  65   1        
  66   1        DisplaySMG_Bit(SMG_duanma[value%10],7);
  67   1        DelaySMG(500);
  68   1        DisplaySMG_Bit(SMG_duanma[(value/10)%10],6);
  69   1        DelaySMG(500);
  70   1        DisplaySMG_Bit(SMG_duanma[(value/100)%10],5);
  71   1        DelaySMG(500);
  72   1        DisplaySMG_Bit(SMG_duanma[(value/1000)%10],4);
  73   1        DelaySMG(500);
  74   1      
  75   1      }
  76          
  77          void ScanKeyMulti()
  78          {
  79   1        R1 = 0;
  80   1        R2 = R3 = R4 =1;
  81   1        C1 = C2 = C3 = C4 =1;
  82   1        if(C1 == 0)
  83   1        {
  84   2          while(C1 == 0);
  85   2          value+=1;
  86   2        }
  87   1      
  88   1        if(C2 == 0)
  89   1        {
  90   2          while(C2 == 0);
  91   2          value-=1;
  92   2        }
  93   1      }
  94          
  95          void main()
  96          {
  97   1        SelectHC573(4);
  98   1        P0 = 0x00;
  99   1        
 100   1        while(1)
 101   1        {
 102   2          Display_Dynamic();
 103   2          ScanKeyMulti();
 104   2        }
 105   1      
 106   1      }


MODULE INFORMATION:   STATIC OVERLAYABLE
   CODE SIZE        =    304    ----
   CONSTANT SIZE    =     10    ----
   XDATA SIZE       =   ----    ----
   PDATA SIZE       =   ----    ----
   DATA SIZE        =      2    ----
   IDATA SIZE       =   ----    ----
   BIT SIZE         =   ----    ----
C51 COMPILER V9.54   ________1                                                             03/28/2023 20:37:04 PAGE 3   

END OF MODULE INFORMATION.


C51 COMPILATION COMPLETE.  0 WARNING(S),  0 ERROR(S)
