C51 COMPILER V9.54   LED                                                                   05/07/2023 14:07:11 PAGE 1   


C51 COMPILER V9.54, COMPILATION OF MODULE LED
OBJECT MODULE PLACED IN led.OBJ
COMPILER INVOKED BY: D:\Keil5 C51\C51\BIN\C51.EXE led.c OPTIMIZE(8,SPEED) BROWSE DEBUG OBJECTEXTEND TABS(2)

line level    source

   1          #include <reg51.h> 
   2          #include "time.h"
   3          
   4          
   5          sbit LED1 = P0^0;
   6          sbit LED2 = P0^2;
   7           
   8          #define LED1_SHINE_TIME 1000;
   9          #define LED2_SHINE_TIME 2000;
  10          
  11          
  12          
  13          void main(void)                     
  14          { 
  15   1        time1_cnt = LED1_SHINE_TIME;
  16   1        time1_enable = 1;
  17   1        time1_flag = 0;
  18   1        
  19   1        time2_cnt = LED2_SHINE_TIME;
  20   1        time2_enable = 1;
  21   1        time2_flag = 0;
  22   1        
  23   1        Timer0Init();
  24   1        
  25   1        while(1)
  26   1        {
  27   2          if(time1_flag)
  28   2          {
  29   3            time1_flag = 0;
  30   3            LED1 = ~LED1;
  31   3            time1_cnt = LED1_SHINE_TIME;
  32   3          }
  33   2          
  34   2          if(time2_flag)
  35   2          {
  36   3            time2_flag = 0;
  37   3            LED2 = ~LED2;
  38   3            time2_cnt = LED2_SHINE_TIME;
  39   3          }
  40   2          
  41   2        }
  42   1      }


MODULE INFORMATION:   STATIC OVERLAYABLE
   CODE SIZE        =     63    ----
   CONSTANT SIZE    =   ----    ----
   XDATA SIZE       =   ----    ----
   PDATA SIZE       =   ----    ----
   DATA SIZE        =   ----    ----
   IDATA SIZE       =   ----    ----
   BIT SIZE         =   ----    ----
END OF MODULE INFORMATION.


C51 COMPILATION COMPLETE.  0 WARNING(S),  0 ERROR(S)
