C51 COMPILER V9.54   TIME                                                                  05/07/2023 14:07:11 PAGE 1   


C51 COMPILER V9.54, COMPILATION OF MODULE TIME
OBJECT MODULE PLACED IN time.OBJ
COMPILER INVOKED BY: D:\Keil5 C51\C51\BIN\C51.EXE time.c OPTIMIZE(8,SPEED) BROWSE DEBUG OBJECTEXTEND TABS(2)

line level    source

   1          #include "time.h"
   2          
   3          unsigned int time1_cnt;
   4          unsigned char time1_flag;
   5          unsigned time1_enable;
   6          
   7          unsigned int time2_cnt;
   8          unsigned char time2_flag;
   9          unsigned time2_enable;
  10          
  11          void Timer0Init(void)   //1??@12.000MHz
  12          {
  13   1        TMOD &= 0xF0;   //???????
  14   1        TMOD |= 0x01;   //???????
  15   1        TL0 = 0x18;   //??????
  16   1        TH0 = 0xFC;   //??????
  17   1        TF0 = 0;    //??TF0??
  18   1        ET0 = 1;
  19   1        EA = 1;
  20   1        TR0 = 1;    //???0????
  21   1      }
  22          
  23          
  24          void timer0()interrupt 1
  25          {
  26   1        TR0 = 0;
  27   1        if(time1_enable)
  28   1        { 
  29   2          time1_cnt--;
  30   2          time2_cnt--;
  31   2          if(!time1_cnt)
  32   2            time1_flag = 1;
  33   2          if(!time2_cnt)
  34   2            time2_flag = 1;
  35   2        }
  36   1        TL0 = 0x18;   //??????
  37   1        TH0 = 0xFC;   //??????
  38   1        TR0 = 1;
  39   1      }


MODULE INFORMATION:   STATIC OVERLAYABLE
   CODE SIZE        =     76    ----
   CONSTANT SIZE    =   ----    ----
   XDATA SIZE       =   ----    ----
   PDATA SIZE       =   ----    ----
   DATA SIZE        =     10    ----
   IDATA SIZE       =   ----    ----
   BIT SIZE         =   ----    ----
END OF MODULE INFORMATION.


C51 COMPILATION COMPLETE.  0 WARNING(S),  0 ERROR(S)
