C51 COMPILER V9.54   LED                                                                   04/20/2023 21:13:33 PAGE 1   


C51 COMPILER V9.54, COMPILATION OF MODULE LED
OBJECT MODULE PLACED IN led.OBJ
COMPILER INVOKED BY: D:\Keil5 C51\C51\BIN\C51.EXE led.c OPTIMIZE(8,SPEED) BROWSE DEBUG OBJECTEXTEND TABS(2)

line level    source

   1          #include "reg52.h"
   2          
   3          unsigned char i;
   4          
   5          void Delay(unsigned int t)
   6          {
   7   1        while(t--);
   8   1        while(t--);
   9   1      }
  10          
  11          
  12          
  13          void LEDRunning()
  14          {
  15   1          
  16   1        for(i = 0; i < 8; i++)
  17   1        {
  18   2          P0 = ~(0x01 << i);
  19   2          Delay(60000);
  20   2        }
  21   1      
  22   1        
  23   1      }
  24          
  25          void main()
  26          {
  27   1        while(1)
  28   1        {
  29   2          LEDRunning();
  30   2        }
  31   1      }


MODULE INFORMATION:   STATIC OVERLAYABLE
   CODE SIZE        =     62    ----
   CONSTANT SIZE    =   ----    ----
   XDATA SIZE       =   ----    ----
   PDATA SIZE       =   ----    ----
   DATA SIZE        =      1    ----
   IDATA SIZE       =   ----    ----
   BIT SIZE         =   ----    ----
END OF MODULE INFORMATION.


C51 COMPILATION COMPLETE.  0 WARNING(S),  0 ERROR(S)
