C51 COMPILER V9.54   MAIN                                                                  05/23/2023 13:21:24 PAGE 1   


C51 COMPILER V9.54, COMPILATION OF MODULE MAIN
OBJECT MODULE PLACED IN main.OBJ
COMPILER INVOKED BY: D:\Keil5 C51\C51\BIN\C51.EXE main.c OPTIMIZE(8,SPEED) BROWSE DEBUG OBJECTEXTEND TABS(2)

line level    source

   1          #include "reg52.h"
   2          
   3          
   4          sbit S1 = P3^2;
   5          
   6          
   7          
   8          sbit L1 = P2^0;
   9          sbit L2 = P2^1;
  10          sbit L3 = P2^2;
  11          sbit L4 = P2^3;
  12          
  13          sbit P1_0 = P1^0;
  14          sbit P1_1 = P1^1;
  15          sbit P1_2 = P1^2;
  16          sbit P1_3 = P1^3;
  17          
  18          unsigned int key_cnt = 60;
  19          char a[8] = {0xfe,0xfd,0xfb,0xf7,0xef,0xdf,0xbf,0x7f};
  20          char seg[12] = {0xC0,0xF9,0xA4,0xB0,0x99,0x92,0x82,0xF8,0x80,0x90,0x8c,0xc1};
  21          
  22          char Flag_1 = 1; 
  23          char Flag_2 = 1;
  24          char Flag_3 = 1;
  25          char Flag_4 = 1;
  26          void Key_scan()
  27          {
  28   1        if(S1 == 0)
  29   1        {
  30   2          Flag_1 = 0;
  31   2        }
  32   1        else if(!Flag_1)
  33   1        {
  34   2          Flag_1 = 1;
  35   2          TR0 = ~TR0;
  36   2        }
  37   1        
  38   1        
  39   1      }
  40          
  41          
  42          
  43          void delay_ms(int ms)
  44          {
  45   1          int i = 0;
  46   1          int j = 0;
  47   1          for(i=0;i<ms;i++)
  48   1          {
  49   2              for(j=0;j<100;j++){}
  50   2          }
  51   1      }
  52          
  53          
  54          
  55          
C51 COMPILER V9.54   MAIN                                                                  05/23/2023 13:21:24 PAGE 2   

  56          void SMG_pos(unsigned char i)
  57          {
  58   1        switch(i)
  59   1        {
  60   2          case 1:
  61   2            P1_0 = 1;
  62   2            P1_1 = 0;
  63   2            P1_2 = 0;
  64   2            P1_3 = 0;
  65   2          break;
  66   2          
  67   2          case 2:
  68   2            P1_0 = 0;
  69   2            P1_1 = 1;
  70   2            P1_2 = 0;
  71   2            P1_3 = 0;
  72   2          break;
  73   2          
  74   2          case 3:
  75   2            P1_0 = 0;
  76   2            P1_1 = 0;
  77   2            P1_2 = 1;
  78   2            P1_3 = 0;
  79   2          break;
  80   2          
  81   2          case 4:
  82   2            P1_0 = 0;
  83   2            P1_1 = 0;
  84   2            P1_2 = 0;
  85   2            P1_3 = 1;
  86   2          break;
  87   2          
  88   2          case 5:
  89   2            P1_0 = 0;
  90   2            P1_1 = 0;
  91   2            P1_2 = 0;
  92   2            P1_3 = 0;
  93   2          break;
  94   2        }
  95   1      }
  96          
  97          void SMG_bit(unsigned char pos,value)
  98          {
  99   1        SMG_pos(pos);
 100   1        P0 = seg[value];
 101   1      }
 102          
 103          
 104          
 105          void SMG_Dynamic()
 106          {
 107   1        SMG_bit(1,key_cnt/1000);
 108   1        delay_ms(10);
 109   1        SMG_bit(2,key_cnt/100%10);
 110   1        delay_ms(10);
 111   1        SMG_bit(3,key_cnt/10%10);
 112   1        delay_ms(10);
 113   1        SMG_bit(4,key_cnt%10);
 114   1        delay_ms(10);
 115   1        SMG_bit(5,0x00);
 116   1        delay_ms(10);
 117   1      }
C51 COMPILER V9.54   MAIN                                                                  05/23/2023 13:21:24 PAGE 3   

 118          
 119          
 120          
 121          
 122          
 123          void InitTimer0()
 124          {
 125   1        TMOD = 0x11;
 126   1        TH0 = (65535 - 1000) / 256; // 50ms
 127   1        TL0 = (65535 - 1000) % 256;
 128   1        TR0 = 1;
 129   1        
 130   1        ET0 = 1;
 131   1        EA = 1;
 132   1        
 133   1      }
 134          
 135          int count1 = 0;
 136          int count2 = 0;
 137          int count3 = 0;
 138          int count4 = 0;
 139          void ServiceTimer0() interrupt 1
 140          {
 141   1        TH0 = (65535 - 10000) / 256;//10ms
 142   1        TL0 = (65535 - 10000) % 256;
 143   1        
 144   1        count1++;
 145   1        
 146   1        count3++;
 147   1        count4++;
 148   1        if(count1 == 50)//0.5s
 149   1        {
 150   2          count1 = 0;
 151   2          L1 = ~L1;
 152   2        }
 153   1        
 154   1        count2++;
 155   1        if(count2 == 100)//1s
 156   1        {
 157   2          count2 = 0;
 158   2          L2 = ~L2;
 159   2        }
 160   1        
 161   1        count3++;
 162   1        if(count3 == 150)//1.5s
 163   1        {
 164   2          count3 = 0;
 165   2          L3 = ~L3;
 166   2        }
 167   1        
 168   1        count4++;
 169   1        if(count4 == 200)//2s
 170   1        {
 171   2          count4 = 0;
 172   2          L4 = ~L4;
 173   2        }
 174   1        
 175   1      }
 176          
 177          
 178          
 179          
C51 COMPILER V9.54   MAIN                                                                  05/23/2023 13:21:24 PAGE 4   

 180          
 181          void main()
 182          {
 183   1        InitTimer0();
 184   1        while(1)
 185   1        {
 186   2      //    P2 = a[key_cnt%8];
 187   2          Key_scan();
 188   2          SMG_Dynamic();
 189   2        }
 190   1      }


MODULE INFORMATION:   STATIC OVERLAYABLE
   CODE SIZE        =    359    ----
   CONSTANT SIZE    =   ----    ----
   XDATA SIZE       =   ----    ----
   PDATA SIZE       =   ----    ----
   DATA SIZE        =     34    ----
   IDATA SIZE       =   ----    ----
   BIT SIZE         =   ----    ----
END OF MODULE INFORMATION.


C51 COMPILATION COMPLETE.  0 WARNING(S),  0 ERROR(S)
