C51 COMPILER V9.54   LED                                                                   05/12/2023 19:52:50 PAGE 1   


C51 COMPILER V9.54, COMPILATION OF MODULE LED
OBJECT MODULE PLACED IN led.OBJ
COMPILER INVOKED BY: D:\Keil5 C51\C51\BIN\C51.EXE led.c OPTIMIZE(8,SPEED) BROWSE DEBUG OBJECTEXTEND TABS(2)

line level    source

   1          #include "reg52.h"
   2          
   3          sbit S1 = P3^2;
   4          
   5          sbit L1 = P2^0;
   6          sbit L2 = P2^1;
   7          sbit L3 = P2^2;
   8          sbit L4 = P2^3;
   9          sbit L5 = P2^4;
  10          sbit L6 = P2^5;
  11          sbit L7 = P2^6;
  12          sbit L8 = P2^7;
  13          
  14          sbit P1_0 = P1^0;
  15          sbit P1_1 = P1^1;
  16          sbit P1_2 = P1^2;
  17          sbit P1_3 = P1^3;
  18          
  19          unsigned int key_cnt = 0;
  20          char a[8] = {0xfe,0xfd,0xfb,0xf7,0xef,0xdf,0xbf,0x7f};
  21          char seg[10] = {0xC0,0xF9,0xA4,0xB0,0x99,0x92,0x82,0xF8,0x80,0x90};
  22          
  23          char Flag = 0;  
  24          void Key_scan()
  25          {
  26   1      
  27   1        if(S1 == 0)
  28   1        {
  29   2          Flag = 1;
  30   2        }
  31   1        if(Flag == 1 && S1 == 1)
  32   1        {
  33   2          Flag = 0;
  34   2          key_cnt += 1;
  35   2        }
  36   1      }
  37          
  38          void delay_ms(int ms)
  39          {
  40   1          int i = 0;
  41   1          int j = 0;
  42   1          for(i=0;i<ms;i++)
  43   1          {
  44   2              for(j=0;j<100;j++){}
  45   2          }
  46   1      }
  47          
  48          
  49          
  50          
  51          void SMG_pos(unsigned char i)
  52          {
  53   1        switch(i)
  54   1        {
  55   2          case 1:
C51 COMPILER V9.54   LED                                                                   05/12/2023 19:52:50 PAGE 2   

  56   2            P1_0 = 1;
  57   2            P1_1 = 0;
  58   2            P1_2 = 0;
  59   2            P1_3 = 0;
  60   2          break;
  61   2          
  62   2          case 2:
  63   2            P1_0 = 0;
  64   2            P1_1 = 1;
  65   2            P1_2 = 0;
  66   2            P1_3 = 0;
  67   2          break;
  68   2          
  69   2          case 3:
  70   2            P1_0 = 0;
  71   2            P1_1 = 0;
  72   2            P1_2 = 1;
  73   2            P1_3 = 0;
  74   2          break;
  75   2          
  76   2          case 4:
  77   2            P1_0 = 0;
  78   2            P1_1 = 0;
  79   2            P1_2 = 0;
  80   2            P1_3 = 1;
  81   2          break;
  82   2          
  83   2          case 5:
  84   2            P1_0 = 0;
  85   2            P1_1 = 0;
  86   2            P1_2 = 0;
  87   2            P1_3 = 0;
  88   2          break;
  89   2        }
  90   1      }
  91          
  92          void SMG_bit(unsigned char pos,value)
  93          {
  94   1        SMG_pos(pos);
  95   1        P0 = seg[value];
  96   1      }
  97          
  98          
  99          
 100          void SMG_Dynamic()
 101          {
 102   1        SMG_bit(1,key_cnt/1000);
 103   1        delay_ms(10);
 104   1        SMG_bit(2,key_cnt/100%10);
 105   1        delay_ms(10);
 106   1        SMG_bit(3,key_cnt/10%10);
 107   1        delay_ms(10);
 108   1        SMG_bit(4,key_cnt%10);
 109   1        delay_ms(10);
 110   1        SMG_bit(5,0x00);
 111   1        delay_ms(10);
 112   1      }
 113          
 114          
 115          
 116          
 117          
C51 COMPILER V9.54   LED                                                                   05/12/2023 19:52:50 PAGE 3   

 118          
 119          
 120          
 121          
 122          
 123          void main()
 124          {
 125   1        while(1)
 126   1        {
 127   2          P2 = a[key_cnt%8];
 128   2          Key_scan();
 129   2          SMG_Dynamic();
 130   2        }
 131   1      }


MODULE INFORMATION:   STATIC OVERLAYABLE
   CODE SIZE        =    250    ----
   CONSTANT SIZE    =   ----    ----
   XDATA SIZE       =   ----    ----
   PDATA SIZE       =   ----    ----
   DATA SIZE        =     21    ----
   IDATA SIZE       =   ----    ----
   BIT SIZE         =   ----    ----
END OF MODULE INFORMATION.


C51 COMPILATION COMPLETE.  0 WARNING(S),  0 ERROR(S)
