C51 COMPILER V9.54   LED                                                                   05/06/2023 11:50:35 PAGE 1   


C51 COMPILER V9.54, COMPILATION OF MODULE LED
OBJECT MODULE PLACED IN led.OBJ
COMPILER INVOKED BY: D:\Keil5 C51\C51\BIN\C51.EXE led.c OPTIMIZE(8,SPEED) BROWSE DEBUG OBJECTEXTEND TABS(2)

line level    source

   1          #include <reg51.h>                 
   2          
   3          
   4          sbit LED1 = P0^0;
   5          sbit LED2 = P0^1;  
   6          
   7          
   8          #define LED1_DELAY_TIME 10000
   9          #define LED2_DELAY_TIME 20000
  10          
  11          
  12          void main(void)                     
  13          {
  14   1        unsigned int led1_cnt;
  15   1        unsigned char led1_flag;
  16   1        unsigned int led2_cnt;
  17   1        unsigned char led2_flag;
  18   1        led1_cnt = LED1_DELAY_TIME;
  19   1        led2_cnt = LED2_DELAY_TIME;
  20   1        while(1)                       
  21   1        {
  22   2          if(led1_cnt)
  23   2            led1_cnt--;
  24   2          if(!led1_cnt)
  25   2          {
  26   3            led1_flag = 1;
  27   3          }
  28   2          if(led1_flag == 1)
  29   2          {
  30   3            led1_flag = 0;
  31   3            LED1 = ~LED1;
  32   3            led1_cnt = LED1_DELAY_TIME;
  33   3          }
  34   2          
  35   2          if(led2_cnt)
  36   2            led2_cnt--;
  37   2          if(!led2_cnt)
  38   2          {
  39   3            led2_flag = 1;
  40   3          }
  41   2          if(led2_flag == 1)
  42   2          {
  43   3            led2_flag = 0;
  44   3            LED2 = ~LED2;
  45   3            led2_cnt = LED2_DELAY_TIME;
  46   3          }
  47   2        }
  48   1      }


MODULE INFORMATION:   STATIC OVERLAYABLE
   CODE SIZE        =     62    ----
   CONSTANT SIZE    =   ----    ----
   XDATA SIZE       =   ----    ----
   PDATA SIZE       =   ----    ----
C51 COMPILER V9.54   LED                                                                   05/06/2023 11:50:35 PAGE 2   

   DATA SIZE        =   ----    ----
   IDATA SIZE       =   ----    ----
   BIT SIZE         =   ----    ----
END OF MODULE INFORMATION.


C51 COMPILATION COMPLETE.  0 WARNING(S),  0 ERROR(S)
