C51 COMPILER V9.54   SEG                                                                   05/17/2023 15:57:30 PAGE 1   


C51 COMPILER V9.54, COMPILATION OF MODULE SEG
OBJECT MODULE PLACED IN .\Objects\seg.obj
COMPILER INVOKED BY: D:\Keil5 C51\C51\BIN\C51.EXE seg.c OPTIMIZE(8,SPEED) BROWSE DEBUG OBJECTEXTEND PRINT(.\Listings\seg
                    -.lst) TABS(2) OBJECT(.\Objects\seg.obj)

line level    source

   1          #include "seg.h"
   2          #include <intrins.h>
   3          
   4          sbit DIN = P2^0;     //数据串出引脚
   5          sbit CS = P2^1;     //片选端
   6          sbit CLK = P2^2;    //移位时钟端
   7          
   8          
   9          
  10          //写数据函数
  11          void write_data(unsigned char addr,unsigned char dat)
  12          {
  13   1          unsigned char i;
  14   1          CS = 0;        // 先写地址，片选置低，串行数据加载到移位寄存器
  15   1          for(i = 0; i < 8; i++) //
  16   1          {
  17   2              CLK = 0;     //时钟上升沿数据移入内部移位寄存器
  18   2              addr <<= 1;    //待发送的地址，每次左移一次，高位在前发送，
  19   2              DIN = CY;    //数据移位后，如果有溢出，则可以从进位位CY中获得溢出的数据位
  20   2              CLK = 1;
  21   2              _nop_();
  22   2              _nop_();
  23   2              CLK = 0;    //下降沿时数据从DOUT移出
  24   2          }
  25   1          for(i = 0; i < 8; i++)
  26   1          {
  27   2              CLK = 0;   //
  28   2              dat <<= 1;   //发送数据
  29   2              DIN = CY;
  30   2              CLK = 1;
  31   2              _nop_();
  32   2              _nop_();
  33   2              CLK = 0;
  34   2          }
  35   1          CS = 1;      //CS上升沿，数据锁存
  36   1      }
  37          //初始化函数
  38          void init_max7221(void)
  39          {
  40   1          write_data(0x09,0xff);    //编码模式
  41   1          write_data(0x0a,0x07);    //亮度控制
  42   1          write_data(0x0b,0x07);    //扫描数码管的位数
  43   1          write_data(0x0c,0x01);     //工作模式
  44   1      }


MODULE INFORMATION:   STATIC OVERLAYABLE
   CODE SIZE        =     73    ----
   CONSTANT SIZE    =   ----    ----
   XDATA SIZE       =   ----    ----
   PDATA SIZE       =   ----    ----
   DATA SIZE        =   ----    ----
   IDATA SIZE       =   ----    ----
   BIT SIZE         =   ----    ----
C51 COMPILER V9.54   SEG                                                                   05/17/2023 15:57:30 PAGE 2   

END OF MODULE INFORMATION.


C51 COMPILATION COMPLETE.  0 WARNING(S),  0 ERROR(S)
