C51 COMPILER V9.54   MAIN                                                                  05/29/2023 16:32:09 PAGE 1   


C51 COMPILER V9.54, COMPILATION OF MODULE MAIN
OBJECT MODULE PLACED IN .\obj\main.obj
COMPILER INVOKED BY: D:\Keil5 C51\C51\BIN\C51.EXE main.c OPTIMIZE(8,SPEED) BROWSE DEBUG OBJECTEXTEND PRINT(.\obj\main.ls
                    -t) OBJECT(.\obj\main.obj)

line level    source

   1          #include "reg52.h"
   2          #include "uart.h"
   3          void main()
   4          {
   5   1              u8 i;
   6   1              UART_Init();
   7   1              while(1)
   8   1              {
   9   2                              UART_Send_Data(UART_Receive_Data());
  10   2              }
  11   1      }
*** WARNING C280 IN LINE 5 OF main.c: 'i': unreferenced local variable


MODULE INFORMATION:   STATIC OVERLAYABLE
   CODE SIZE        =     11    ----
   CONSTANT SIZE    =   ----    ----
   XDATA SIZE       =   ----    ----
   PDATA SIZE       =   ----    ----
   DATA SIZE        =   ----       1
   IDATA SIZE       =   ----    ----
   BIT SIZE         =   ----    ----
END OF MODULE INFORMATION.


C51 COMPILATION COMPLETE.  1 WARNING(S),  0 ERROR(S)
