C51 COMPILER V9.54   UART                                                                  05/29/2023 16:32:09 PAGE 1   


C51 COMPILER V9.54, COMPILATION OF MODULE UART
OBJECT MODULE PLACED IN .\obj\uart.obj
COMPILER INVOKED BY: D:\Keil5 C51\C51\BIN\C51.EXE uart.c OPTIMIZE(8,SPEED) BROWSE DEBUG OBJECTEXTEND PRINT(.\obj\uart.ls
                    -t) OBJECT(.\obj\uart.obj)

line level    source

   1          #include "reg52.h"
   2          #include "uart.h"
   3          //串口初始化，设置波特率为9600，使用定时器1,晶振频率11.0592Mhz
   4          void UART_Init()
   5          {
   6   1              //设置波特率9600
   7   1              TMOD|=0x20;  //定时器1工作于自动重装载模式
   8   1              TH1=0xfd;
   9   1              TH0=0xfd;
  10   1              TR1=1; //启动定时器1
  11   1              ET1=0; //禁止定时器1中断
  12   1              PCON&=0x7f; //设置SMOD=0，波特率不加倍
  13   1              SCON=0x50; //工作于方式1  8位无校验异步通信的收发模式，并清空收发中断标志位
  14   1              EA=1;  //总中断允许
  15   1              ES=0;//禁止串口收发中断（本程序中不使用串口中断）
  16   1      }
  17          void UART_Send_Data(u8 byte)
  18          {
  19   1              SBUF=byte;
  20   1              while(!TI);//等待串口数据发送完毕
  21   1              TI=0;//将发送中断标志位清0，为下次发送数据做准备
  22   1      }
  23          u8 UART_Receive_Data()
  24          {
  25   1              u8 temp;
  26   1              while(!RI);//等待串口接收到数据（RI被置1）
  27   1              temp=SBUF;
  28   1              RI=0;//清空接收中断标志位，为下次接收做准备
  29   1              return temp;
  30   1      }


MODULE INFORMATION:   STATIC OVERLAYABLE
   CODE SIZE        =     40    ----
   CONSTANT SIZE    =   ----    ----
   XDATA SIZE       =   ----    ----
   PDATA SIZE       =   ----    ----
   DATA SIZE        =   ----    ----
   IDATA SIZE       =   ----    ----
   BIT SIZE         =   ----    ----
END OF MODULE INFORMATION.


C51 COMPILATION COMPLETE.  0 WARNING(S),  0 ERROR(S)
