C51 COMPILER V9.53.0.0   MAIN                                                              04/18/2023 10:35:41 PAGE 1   


C51 COMPILER V9.53.0.0, COMPILATION OF MODULE MAIN
OBJECT MODULE PLACED IN .\Objects\main.obj
COMPILER INVOKED BY: C:\Keil_v5\C51\BIN\C51.EXE main.c OPTIMIZE(8,SPEED) BROWSE DEBUG OBJECTEXTEND PRINT(.\Listings\main
                    -.lst) TABS(2) OBJECT(.\Objects\main.obj)

line level    source

   1          #include "reg51.h"
   2          
   3          sbit P2_0 = P2 ^ 0;
   4          sbit P2_1 = P2 ^ 1;
   5          sbit S1 = P3^0;
   6          sbit S2 = P3^1;
   7          
   8          unsigned int num1 = 0;
   9          unsigned int num2 = 0;
  10          
  11          void delay_ms(int ms)
  12          {
  13   1          int i = 0;
  14   1          int j = 0;
  15   1          for(i=0;i<ms;i++)
  16   1          {
  17   2              for(j=0;j<100;j++){}
  18   2          }
  19   1      }
  20          
  21          
  22          void KEY()
  23          {
  24   1        if(S1==0)
  25   1        {
  26   2          delay_ms(100);
  27   2          if(S1==0)
  28   2          {
  29   3          num1++;
  30   3          }
  31   2        }
  32   1        if(S2==0)
  33   1        {
  34   2          delay_ms(100);
  35   2          if(S2==0)
  36   2          {
  37   3          num2++;
  38   3          }
  39   2        }
  40   1        if(num1>num2)
  41   1        {
  42   2          P2_0 = 0;
  43   2          P2_1 = 1;
  44   2        }
  45   1        else if(num1<num2)
  46   1        {
  47   2          P2_1 = 0;
  48   2          P2_0 = 1;
  49   2        }
  50   1        else
  51   1        {
  52   2          P2_1 = 1;
  53   2          P2_0 = 1;
  54   2        }
C51 COMPILER V9.53.0.0   MAIN                                                              04/18/2023 10:35:41 PAGE 2   

  55   1      }
  56          
  57          main()
  58          {
  59   1          while(1)
  60   1          {
  61   2             KEY();
  62   2          }   
  63   1      }


MODULE INFORMATION:   STATIC OVERLAYABLE
   CODE SIZE        =    122    ----
   CONSTANT SIZE    =   ----    ----
   XDATA SIZE       =   ----    ----
   PDATA SIZE       =   ----    ----
   DATA SIZE        =      4    ----
   IDATA SIZE       =   ----    ----
   BIT SIZE         =   ----    ----
END OF MODULE INFORMATION.


C51 COMPILATION COMPLETE.  0 WARNING(S),  0 ERROR(S)
