C51 COMPILER V9.54   LED                                                                   04/16/2023 21:34:06 PAGE 1   


C51 COMPILER V9.54, COMPILATION OF MODULE LED
OBJECT MODULE PLACED IN led.OBJ
COMPILER INVOKED BY: D:\Keil5 C51\C51\BIN\C51.EXE led.c OPTIMIZE(8,SPEED) BROWSE DEBUG OBJECTEXTEND TABS(2)

line level    source

   1          #include <reg51.h>                 
   2          
   3          
   4          sbit L1 = P0^0;                                      
   5          sbit L2 = P0^1;
   6          sbit L3 = P0^2;                                      
   7          sbit L4 = P0^3; 
   8          
   9          void delay(unsigned char x)          
  10          {
  11   1        unsigned char i,j;
  12   1        for(i = 0;i < x;i++)
  13   1        for(j = 0;j < 200;j++);
  14   1      }
  15          
  16          void main(void)                     
  17          {
  18   1        P0 = 0x00;              
  19   1        while(1)                       
  20   1        {
  21   2          L1 = !L1; 
  22   2          L2 = !L2; 
  23   2          L3 = !L3; 
  24   2          L4 = !L4;
  25   2          delay(250);                 
  26   2        }
  27   1      }


MODULE INFORMATION:   STATIC OVERLAYABLE
   CODE SIZE        =     35    ----
   CONSTANT SIZE    =   ----    ----
   XDATA SIZE       =   ----    ----
   PDATA SIZE       =   ----    ----
   DATA SIZE        =   ----    ----
   IDATA SIZE       =   ----    ----
   BIT SIZE         =   ----    ----
END OF MODULE INFORMATION.


C51 COMPILATION COMPLETE.  0 WARNING(S),  0 ERROR(S)
