C51 COMPILER V9.54   __________________                                                    05/05/2023 21:37:31 PAGE 1   


C51 COMPILER V9.54, COMPILATION OF MODULE __________________
OBJECT MODULE PLACED IN 矩阵键盘的基本操作.OBJ
COMPILER INVOKED BY: D:\Keil5 C51\C51\BIN\C51.EXE 矩阵键盘的基本操作.c OPTIMIZE(8,SPEED) BROWSE DEBUG OBJECTEXTEND TABS(
                    -2)

line level    source

   1          #include "reg52.h"
   2          
   3          
   4          
   5          sbit C1 = P2^0;
   6          sbit C2 = P2^1;
   7          sbit C3 = P2^2;
   8          sbit C4 = P2^3;
   9          
  10          sbit R1 = P2^4;
  11          sbit R2 = P2^5;
  12          sbit R3 = P2^6;
  13          sbit R4 = P2^7;
  14          
  15          unsigned int i = 0;
  16          char a[9] = {0xff,0xfe,0xfd,0xfb,0xf7,0xef,0xdf,0xbf,0x7f};
  17          
  18          
  19          
  20          
  21          char Flag = 0;  
  22          unsigned char key_num = 0;
  23          void ScanKeysMulti()
  24          {
  25   1        R1 = 0;
  26   1        R2 = R3 = R4 = 1;
  27   1        C1 = C2 = C3 = C4 =1;
  28   1        if(C1 == 0)
  29   1        {
  30   2          while(C1 == 0);
  31   2          key_num = 1;
  32   2          P0 = a[key_num];
  33   2        }
  34   1        else if(C2 == 0)
  35   1        {
  36   2          while(C2 == 0);
  37   2          key_num = 2;
  38   2          P0 = a[key_num];
  39   2        }
  40   1        else if(C3 == 0)
  41   1        {
  42   2          while(C3 == 0);
  43   2          key_num = 3;
  44   2          P0 = a[key_num];
  45   2        }
  46   1        else if(C4 == 0)
  47   1        {
  48   2          while(C4 == 0);
  49   2          key_num = 4;
  50   2          P0 = a[key_num];
  51   2        }
  52   1        
  53   1      }
  54          
C51 COMPILER V9.54   __________________                                                    05/05/2023 21:37:31 PAGE 2   

  55          void main()
  56          {
  57   1        while(1)
  58   1        {
  59   2          
  60   2          ScanKeysMulti();
  61   2        }
  62   1      }


MODULE INFORMATION:   STATIC OVERLAYABLE
   CODE SIZE        =     72    ----
   CONSTANT SIZE    =   ----    ----
   XDATA SIZE       =   ----    ----
   PDATA SIZE       =   ----    ----
   DATA SIZE        =     13    ----
   IDATA SIZE       =   ----    ----
   BIT SIZE         =   ----    ----
END OF MODULE INFORMATION.


C51 COMPILATION COMPLETE.  0 WARNING(S),  0 ERROR(S)
