C51 COMPILER V9.54   MAIN                                                                  05/08/2023 16:24:18 PAGE 1   


C51 COMPILER V9.54, COMPILATION OF MODULE MAIN
OBJECT MODULE PLACED IN main.OBJ
COMPILER INVOKED BY: D:\Keil5 C51\C51\BIN\C51.EXE main.c OPTIMIZE(8,SPEED) BROWSE DEBUG OBJECTEXTEND TABS(2)

line level    source

   1          #include <reg51.h> 
   2          #include "time.h"
   3          #include "led.h"
   4          
   5          sbit LED1 = P0^0;
   6          sbit LED2 = P0^1;
   7           
   8          
   9          
  10          
  11          
  12          void main(void)                     
  13          { 
  14   1        led_init();
  15   1        Timer0Init();
  16   1        
  17   1        while(1)
  18   1        {
  19   2          led1_task();
  20   2          led2_task();
  21   2        }
  22   1      }


MODULE INFORMATION:   STATIC OVERLAYABLE
   CODE SIZE        =     14    ----
   CONSTANT SIZE    =   ----    ----
   XDATA SIZE       =   ----    ----
   PDATA SIZE       =   ----    ----
   DATA SIZE        =   ----    ----
   IDATA SIZE       =   ----    ----
   BIT SIZE         =   ----    ----
END OF MODULE INFORMATION.


C51 COMPILATION COMPLETE.  0 WARNING(S),  0 ERROR(S)
