C51 COMPILER V9.54   MAIN                                                                  06/01/2023 15:35:34 PAGE 1   


C51 COMPILER V9.54, COMPILATION OF MODULE MAIN
OBJECT MODULE PLACED IN main.OBJ
COMPILER INVOKED BY: D:\Keil5 C51\C51\BIN\C51.EXE main.c OPTIMIZE(8,SPEED) BROWSE DEBUG OBJECTEXTEND

line level    source

   1          #include "reg52.h"
   2          
   3          char a[9] = {0xff,0xfe,0xfc,0xf8,0xf0,0xe0,0xc0,0x80,0x00};
   4          
   5          
   6          void delay_ms(int ms)
   7          {
   8   1          int i = 0;
   9   1          int j = 0;
  10   1          for(i=0;i<ms;i++)
  11   1          {
  12   2              for(j=0;j<100;j++){}
  13   2          }
  14   1      }
  15          
  16          
  17          void run()
  18          {
  19   1              int i;
  20   1              for(i=0;i<9;i++)
  21   1              {
  22   2                      P2 = a[i];
  23   2                      delay_ms(200);
  24   2              }
  25   1              for(i=8;i>=0;i--)
  26   1              {
  27   2                      P2 = a[i];
  28   2                      delay_ms(200);
  29   2              }
  30   1      }
  31          
  32          
  33          
  34          void main()
  35          {
  36   1      
  37   1              while(1)
  38   1              {
  39   2                      run();
  40   2              }
  41   1      }


MODULE INFORMATION:   STATIC OVERLAYABLE
   CODE SIZE        =     96    ----
   CONSTANT SIZE    =   ----    ----
   XDATA SIZE       =   ----    ----
   PDATA SIZE       =   ----    ----
   DATA SIZE        =      9    ----
   IDATA SIZE       =   ----    ----
   BIT SIZE         =   ----    ----
END OF MODULE INFORMATION.


C51 COMPILATION COMPLETE.  0 WARNING(S),  0 ERROR(S)
