C51 COMPILER V9.54   MAIN                                                                  05/22/2023 20:11:21 PAGE 1   


C51 COMPILER V9.54, COMPILATION OF MODULE MAIN
OBJECT MODULE PLACED IN .\Objects\main.obj
COMPILER INVOKED BY: D:\Keil5 C51\C51\BIN\C51.EXE main.c OPTIMIZE(8,SPEED) BROWSE DEBUG OBJECTEXTEND PRINT(.\Listings\ma
                    -in.lst) TABS(2) OBJECT(.\Objects\main.obj)

line level    source

   1          #include "reg51.h"
   2          
   3          
   4          
   5          sbit KEYIN1 = P2^0;
   6          sbit KEYIN2 = P2^1;
   7          sbit KEYIN3 = P2^2;
   8          sbit KEYIN4 = P2^3;
   9          
  10          sbit KEYOUT1 = P2^4;
  11          sbit KEYOUT2 = P2^5;
  12          sbit KEYOUT3 = P2^6;
  13          sbit KEYOUT4 = P2^7;
  14          
  15          sbit P3_0 = P3^0;
  16          sbit P3_1 = P3^1;
  17          sbit P3_2 = P3^2;
  18          sbit P3_3 = P3^3;
  19          
  20          
  21          
  22          
  23          char seg[10] = {0xC0,0xF9,0xA4,0xB0,0x99,0x92,0x82,0xF8,0x80,0x90};
  24          
  25          void DelayXms(int ms)
  26          {
  27   1          int i = 0;
  28   1          int j = 0;
  29   1          for(i=0;i<ms;i++)
  30   1          {
  31   2              for(j=0;j<100;j++){}
  32   2          }
  33   1      }
  34          
  35          unsigned char KeyNum = 0;
  36          unsigned char Key_Scan()
  37          {
  38   1        
  39   1        //?????
  40   1        KEYIN1 = 1; KEYIN2 = 1; KEYIN3 = 1; KEYIN4 = 1;
  41   1        KEYOUT1 = 0;KEYOUT2 = 1;KEYOUT3 = 1;KEYOUT4 = 1;
  42   1          
  43   1        if(!KEYIN1||!KEYIN2||!KEYIN3||!KEYIN4)      
  44   1        {
  45   2          DelayXms(10);   
  46   2          if(!KEYIN1||!KEYIN2||!KEYIN3||!KEYIN4)      
  47   2          {
  48   3            if(!KEYIN1)
  49   3              KeyNum = 1;
  50   3            if(!KEYIN2)
  51   3              KeyNum = 2;
  52   3            if(!KEYIN3)
  53   3              KeyNum = 3;
  54   3            if(!KEYIN4)
C51 COMPILER V9.54   MAIN                                                                  05/22/2023 20:11:21 PAGE 2   

  55   3              KeyNum = 4;
  56   3          }while(!KEYIN1||!KEYIN2||!KEYIN3||!KEYIN4); 
  57   2        }
  58   1        
  59   1        //?????
  60   1        KEYIN1 = 1; KEYIN2 = 1; KEYIN3 = 1; KEYIN4 = 1;
  61   1        KEYOUT1 = 1;KEYOUT2 = 0;KEYOUT3 = 1;KEYOUT4 = 1;
  62   1          
  63   1        if(!KEYIN1||!KEYIN2||!KEYIN3||!KEYIN4)      
  64   1        {
  65   2          DelayXms(10);   
  66   2          if(!KEYIN1||!KEYIN2||!KEYIN3||!KEYIN4)      
  67   2          {
  68   3            if(!KEYIN1)
  69   3              KeyNum = 5;
  70   3            if(!KEYIN2)
  71   3              KeyNum = 6;
  72   3            if(!KEYIN3)
  73   3              KeyNum = 7;
  74   3            if(!KEYIN4)
  75   3              KeyNum = 8;
  76   3          }while(!KEYIN1||!KEYIN2||!KEYIN3||!KEYIN4); 
  77   2        }
  78   1        
  79   1        //?????
  80   1        KEYIN1 = 1; KEYIN2 = 1; KEYIN3 = 1; KEYIN4 = 1;
  81   1        KEYOUT1 = 1;KEYOUT2 = 1;KEYOUT3 = 0;KEYOUT4 = 1;
  82   1          
  83   1        if(!KEYIN1||!KEYIN2||!KEYIN3||!KEYIN4)      
  84   1        {
  85   2          DelayXms(10);   
  86   2          if(!KEYIN1||!KEYIN2||!KEYIN3||!KEYIN4)      
  87   2          {
  88   3            if(!KEYIN1)
  89   3              KeyNum = 9;
  90   3            if(!KEYIN2)
  91   3              KeyNum = 10;
  92   3            if(!KEYIN3)
  93   3              KeyNum = 11;
  94   3            if(!KEYIN4)
  95   3              KeyNum = 12;
  96   3          }while(!KEYIN1||!KEYIN2||!KEYIN3||!KEYIN4); 
  97   2        }
  98   1        
  99   1        //?????
 100   1        KEYIN1 = 1; KEYIN2 = 1; KEYIN3 = 1; KEYIN4 = 1;
 101   1        KEYOUT1 = 1;KEYOUT2 = 1;KEYOUT3 = 1;KEYOUT4 = 0;
 102   1          
 103   1        if(!KEYIN1||!KEYIN2||!KEYIN3||!KEYIN4)      
 104   1        {
 105   2          DelayXms(10);   
 106   2          if(!KEYIN1||!KEYIN2||!KEYIN3||!KEYIN4)      
 107   2          {
 108   3            if(!KEYIN1)
 109   3              KeyNum = 13;
 110   3            if(!KEYIN2)
 111   3              KeyNum = 14;
 112   3            if(!KEYIN3)
 113   3              KeyNum = 15;
 114   3            if(!KEYIN4)
 115   3              KeyNum = 16;
 116   3          }while(!KEYIN1||!KEYIN2||!KEYIN3||!KEYIN4); 
C51 COMPILER V9.54   MAIN                                                                  05/22/2023 20:11:21 PAGE 3   

 117   2        }
 118   1        return KeyNum;
 119   1      }
 120          
 121          
 122          
 123          
 124          
 125          void SMG_pos(unsigned char i)
 126          {
 127   1        switch(i)
 128   1        {
 129   2          case 1:
 130   2            P3_0 = 1;
 131   2            P3_1 = 0;
 132   2            P3_2 = 0;
 133   2            P3_3 = 0;
 134   2          break;
 135   2          
 136   2          case 2:
 137   2            P3_0 = 0;
 138   2            P3_1 = 1;
 139   2            P3_2 = 0;
 140   2            P3_3 = 0;
 141   2          break;
 142   2          
 143   2          case 3:
 144   2            P3_0 = 0;
 145   2            P3_1 = 0;
 146   2            P3_2 = 1;
 147   2            P3_3 = 0;
 148   2          break;
 149   2          
 150   2          case 4:
 151   2            P3_0 = 0;
 152   2            P3_1 = 0;
 153   2            P3_2 = 0;
 154   2            P3_3 = 1;
 155   2          break;
 156   2          
 157   2          case 5:
 158   2            P3_0 = 0;
 159   2            P3_1 = 0;
 160   2            P3_2 = 0;
 161   2            P3_3 = 0;
 162   2          break;
 163   2        }
 164   1      }
 165          
 166          void SMG_bit(unsigned char pos,value)
 167          {
 168   1        SMG_pos(pos);
 169   1        P0 = seg[value];
 170   1      }
 171          
 172          
 173          
 174          void SMG_Dynamic(unsigned char i)
 175          {
 176   1        SMG_bit(1,(i/1000)%10);
 177   1        DelayXms(10);
 178   1        SMG_bit(2,(i/100)%10);
C51 COMPILER V9.54   MAIN                                                                  05/22/2023 20:11:21 PAGE 4   

 179   1        DelayXms(10);
 180   1        SMG_bit(3,(i/10)%10);
 181   1        DelayXms(10);
 182   1        SMG_bit(4,i%10);
 183   1        DelayXms(10);
 184   1        SMG_bit(5,0x00);
 185   1        DelayXms(10);
 186   1      }
 187          
 188          
 189          
 190          void main()
 191          {
 192   1        char key1Flag = 0; 
 193   1        int i = 0;
 194   1          while(1)
 195   1          {  
 196   2              SMG_Dynamic(Key_Scan());
 197   2          }   
 198   1      }


MODULE INFORMATION:   STATIC OVERLAYABLE
   CODE SIZE        =    548    ----
   CONSTANT SIZE    =   ----    ----
   XDATA SIZE       =   ----    ----
   PDATA SIZE       =   ----    ----
   DATA SIZE        =     11       4
   IDATA SIZE       =   ----    ----
   BIT SIZE         =   ----    ----
END OF MODULE INFORMATION.


C51 COMPILATION COMPLETE.  0 WARNING(S),  0 ERROR(S)
