C51 COMPILER V9.54   PWM____                                                               05/06/2023 18:13:24 PAGE 1   


C51 COMPILER V9.54, COMPILATION OF MODULE PWM____
OBJECT MODULE PLACED IN PWM调光.OBJ
COMPILER INVOKED BY: D:\Keil5 C51\C51\BIN\C51.EXE PWM调光.c OPTIMIZE(8,SPEED) BROWSE DEBUG OBJECTEXTEND TABS(2)

line level    source

   1          /*********************************************************************************
   2          * ??:??
   3          * ??:V1.1
   4          * ????:STC89C52
   5          * ????:LED?????
   6          * ????:
   7          * ??:2021.10.13
   8          *********************************************************************************/
   9          #include<reg52.h>
  10           
  11          /****??LED****/
  12          sbit LED = P0^0;
  13          bit Direct_flag = 0;  //LED????????
  14          /****????****/
  15          void T0init();
  16          /****????****/
  17          unsigned int PWM_wanttime=0;      //??????????????
  18          unsigned int Breath_wanttime=0;   //??????????????????
  19          unsigned int  PWM_value = 0;        //??????
  20           
  21          void main()
  22          {
  23   1        T0init();
  24   1        while(1)
  25   1        {
  26   2        } 
  27   1      }
  28          /*********************************************************
  29          * ???? :1ms??
  30          * ???? :void
  31          * ???   :void
  32          *********************************************************/
  33          void T0init()
  34          {
  35   1          TMOD |= 0x01; //??????????1  
  36   1          TH0=0XFC;   //1ms??,????
  37   1          TL0=0X66;
  38   1          ET0 = 1;    //???????
  39   1          TR0 = 1;    //????
  40   1          EA = 1;     //????
  41   1      }
  42           
  43          void Time0(void) interrupt 1
  44          {
  45   1       
  46   1          TH0=0XFC;   //1ms??,????
  47   1          TL0=0X66;
  48   1       
  49   1          PWM_wanttime++;     //???????????
  50   1          Breath_wanttime++;    //??????????????
  51   1       
  52   1       
  53   1          if(PWM_wanttime == PWM_value)       //????????LED???
  54   1              LED = 0;                      //??LED
  55   1          if(PWM_wanttime == 10)              //??????
C51 COMPILER V9.54   PWM____                                                               05/06/2023 18:13:24 PAGE 2   

  56   1          {
  57   2              LED = 1;                      //??LED
  58   2              PWM_wanttime = 0;               //????,??????
  59   2          }
  60   1       
  61   1       
  62   1          if((Breath_wanttime == 200) && (Direct_flag == 0))    //200ms ??????,???????10%
  63   1          {                               
  64   2              Breath_wanttime = 0;
  65   2              PWM_value++;        //???????
  66   2       
  67   2              if(PWM_value == 9)          //???????
  68   2                  Direct_flag = 1; 
  69   2          }
  70   1       
  71   1          if((Breath_wanttime == 200) && (Direct_flag == 1))   //200ms ??????,???????10%
  72   1          {                               
  73   2              Breath_wanttime = 0;
  74   2              PWM_value--;        //???????
  75   2       
  76   2              if(PWM_value == 1)          //???????
  77   2                  Direct_flag = 0; 
  78   2          }
  79   1      }
  80           


MODULE INFORMATION:   STATIC OVERLAYABLE
   CODE SIZE        =    142    ----
   CONSTANT SIZE    =   ----    ----
   XDATA SIZE       =   ----    ----
   PDATA SIZE       =   ----    ----
   DATA SIZE        =      6    ----
   IDATA SIZE       =   ----    ----
   BIT SIZE         =      1    ----
END OF MODULE INFORMATION.


C51 COMPILATION COMPLETE.  0 WARNING(S),  0 ERROR(S)
