C51 COMPILER V9.54   MAIN                                                                  05/17/2023 15:37:16 PAGE 1   


C51 COMPILER V9.54, COMPILATION OF MODULE MAIN
OBJECT MODULE PLACED IN .\Objects\main.obj
COMPILER INVOKED BY: D:\Keil5 C51\C51\BIN\C51.EXE main.c OPTIMIZE(8,SPEED) BROWSE DEBUG OBJECTEXTEND PRINT(.\Listings\ma
                    -in.lst) TABS(2) OBJECT(.\Objects\main.obj)

line level    source

   1          #include <reg52.h>
   2          #include <seg.h>
   3          #include <delay.h>
   4          
   5          #define KEY_DELAY_TIME 100
   6          #define KEY_LONG_TIME 1000
   7          #define KEY_KEEP_TIME 50
   8          
   9          sbit S1 = P1^0;
  10          
  11          unsigned int key_val = 0;
  12          
  13          
  14          unsigned char Date_buff[3] = {0, 0,0};//数码管显示缓冲区，初值0xFF确保启动时都不亮
  15          //显示的数字，数值为10的时候，显示“-”
  16          
  17          
  18          char Flag = 1; 
  19          //char short_flag = 0;
  20          int key_cnt1 = 0;
  21          int key_cnt2 = 0;
  22          void Key_scan()
  23          {
  24   1      
  25   1        if(!S1)//按键没按下
  26   1        {
  27   2          Flag = 0;
  28   2          key_cnt1 = 0;
  29   2        }
  30   1        else if(!Flag)//按下检测
  31   1        {
  32   2          key_cnt1++;
  33   2          if(key_cnt1 > KEY_DELAY_TIME)
  34   2          {
  35   3            key_cnt1 = 0;
  36   3            key_val+=1;
  37   3            Flag = 1;
  38   3          }
  39   2        }
  40   1        else if(key_cnt1 < KEY_LONG_TIME)
  41   1        {
  42   2          key_cnt1++;
  43   2        }
  44   1        else
  45   1        {
  46   2          key_cnt2++;
  47   2          if(key_cnt2 > KEY_KEEP_TIME)
  48   2          {
  49   3            key_cnt2 = 0;
  50   3            key_val+=1;
  51   3            if(key_val > 9)
  52   3            {
  53   4              key_val = 0;
  54   4            }
C51 COMPILER V9.54   MAIN                                                                  05/17/2023 15:37:16 PAGE 2   

  55   3          }
  56   2        }
  57   1      }
  58          //数码管“以左为尊”――――最左边是最高位
  59          void  Display_smg(unsigned char i) 
  60          {
  61   1        write_data(1,i);   // 显示时最高位   
  62   1          // 显示时最低位
  63   1      }
  64          
  65          void main(void)
  66          {
  67   1        
  68   1        
  69   1        unsigned char i;
  70   1        init_max7221();    // 初始化
  71   1        delayms(2);
  72   1        for(i = 0; i < 8; i++)
  73   1        {
  74   2          write_data(i+1,10);   // 显示-位
  75   2        }
  76   1        delayms(1000);
  77   1        while(1) 
  78   1        {
  79   2      //    if(S1 == 1)
  80   2      //    {
  81   2      //      flag_key = 1;
  82   2      //    }
  83   2      //    if(flag_key == 1&& S1==0)
  84   2      //    {
  85   2      //      n+=1;
  86   2      //      flag_key = 0;
  87   2      //    }
  88   2          key_scan(); 
*** WARNING C206 IN LINE 88 OF main.c: 'key_scan': missing function-prototype
  89   2          Display_smg(key_val);
  90   2        }
  91   1      }
  92          
  93          


MODULE INFORMATION:   STATIC OVERLAYABLE
   CODE SIZE        =    175    ----
   CONSTANT SIZE    =   ----    ----
   XDATA SIZE       =   ----    ----
   PDATA SIZE       =   ----    ----
   DATA SIZE        =     10       1
   IDATA SIZE       =   ----    ----
   BIT SIZE         =   ----    ----
END OF MODULE INFORMATION.


C51 COMPILATION COMPLETE.  1 WARNING(S),  0 ERROR(S)
