C51 COMPILER V9.54   TIME                                                                  05/06/2023 13:25:18 PAGE 1   


C51 COMPILER V9.54, COMPILATION OF MODULE TIME
OBJECT MODULE PLACED IN time.OBJ
COMPILER INVOKED BY: D:\Keil5 C51\C51\BIN\C51.EXE time.c OPTIMIZE(8,SPEED) BROWSE DEBUG OBJECTEXTEND TABS(2)

line level    source

   1          #include "time.h"
   2          
   3          unsigned int time1_cnt;
   4          unsigned char time1_flag;
   5          unsigned time1_enable;
   6          
   7          
   8          
   9          void Timer0Init(void)   //1??@12.000MHz
  10          {
  11   1        TMOD &= 0xF0;   //???????
  12   1        TMOD |= 0x01;   //???????
  13   1        TL0 = 0x18;   //??????
  14   1        TH0 = 0xFC;   //??????
  15   1        TF0 = 0;    //??TF0??
  16   1        ET0 = 1;
  17   1        EA = 1;
  18   1        TR0 = 1;    //???0????
  19   1      }
  20          
  21          
  22          void timer0()interrupt 1
  23          {
  24   1        TR0 = 0;
  25   1        if(time1_enable)
  26   1        { 
  27   2          time1_cnt--;
  28   2          if(!time1_cnt)
  29   2            time1_flag = 1;
  30   2        }
  31   1        TL0 = 0x18;   //??????
  32   1        TH0 = 0xFC;   //??????
  33   1        TR0 = 1;
  34   1      }


MODULE INFORMATION:   STATIC OVERLAYABLE
   CODE SIZE        =     59    ----
   CONSTANT SIZE    =   ----    ----
   XDATA SIZE       =   ----    ----
   PDATA SIZE       =   ----    ----
   DATA SIZE        =      5    ----
   IDATA SIZE       =   ----    ----
   BIT SIZE         =   ----    ----
END OF MODULE INFORMATION.


C51 COMPILATION COMPLETE.  0 WARNING(S),  0 ERROR(S)
