C51 COMPILER V9.54   TIME                                                                  05/12/2023 20:02:35 PAGE 1   


C51 COMPILER V9.54, COMPILATION OF MODULE TIME
OBJECT MODULE PLACED IN time.OBJ
COMPILER INVOKED BY: D:\Keil5 C51\C51\BIN\C51.EXE time.c OPTIMIZE(8,SPEED) BROWSE DEBUG OBJECTEXTEND TABS(2)

line level    source

   1          #include "time.h"
   2          
   3          
   4          
   5          
   6          void Timer0Init(void)   //2毫秒@12.000MHz
   7          {
   8   1        TMOD &= 0xF0;   //???????
   9   1        TMOD |= 0x01;   //???????
  10   1        TL0 = 0x30;   //??????
  11   1        TH0 = 0xF8;   //??????
  12   1        TF0 = 0;    //??TF0??
  13   1        ET0 = 1;
  14   1        EA = 1;
  15   1        TR0 = 1;    //???0????
  16   1      }
  17          
  18          
  19          
  20          void timer0()interrupt 0 //每隔2毫秒进入中断一次
  21          {
  22   1        TR0 = 0;
  23   1        TL0 = 0x18;   //??????
  24   1        TH0 = 0xFC;   //??????
  25   1        TR0 = 1;
  26   1      }


MODULE INFORMATION:   STATIC OVERLAYABLE
   CODE SIZE        =     32    ----
   CONSTANT SIZE    =   ----    ----
   XDATA SIZE       =   ----    ----
   PDATA SIZE       =   ----    ----
   DATA SIZE        =   ----    ----
   IDATA SIZE       =   ----    ----
   BIT SIZE         =   ----    ----
END OF MODULE INFORMATION.


C51 COMPILATION COMPLETE.  0 WARNING(S),  0 ERROR(S)
